28.10.2024, 04:05:22 - GET - /api/books
28.10.2024, 23:21:07 - PUT - /api/books
28.10.2024, 23:27:32 - POST - /api/books/b752f5ac-184f-48ba-8d56-56fff8456de6/download
29.10.2024, 01:11:07 - GET - /api/books
29.10.2024, 01:12:35 - GET - /api/books
29.10.2024, 01:16:20 - GET - /api/books
29.10.2024, 01:17:53 - GET - /api/books
29.10.2024, 01:20:38 - POST - /api/books
29.10.2024, 01:47:40 - POST - /api/books
29.10.2024, 01:48:11 - POST - /api/books
29.10.2024, 01:48:15 - GET - /api/books
29.10.2024, 01:48:48 - GET - /api/books/cb860add-3d9f-497d-8751-5aaff8b9a026
29.10.2024, 03:07:33 - GET - /index.js
29.10.2024, 03:07:40 - GET - /
29.10.2024, 03:19:02 - GET - /
29.10.2024, 03:19:05 - GET - /todo
29.10.2024, 03:21:48 - GET - /
29.10.2024, 03:21:55 - GET - /min
29.10.2024, 03:22:03 - GET - /todo
29.10.2024, 03:45:29 - GET - /todo
29.10.2024, 03:45:31 - GET - /
29.10.2024, 03:46:21 - GET - /
29.10.2024, 03:46:28 - GET - /
29.10.2024, 03:46:32 - GET - /todo
29.10.2024, 11:59:54 - GET - /todo/create
29.10.2024, 12:01:12 - GET - /
29.10.2024, 12:13:25 - GET - /index/view/607650b1-a600-4a79-b612-840df072ce44
29.10.2024, 12:19:14 - GET - /index
29.10.2024, 12:29:06 - GET - /view/404
29.10.2024, 12:29:13 - GET - /index/update/53882154-d505-4b34-9e63-75789fc4b8a6
29.10.2024, 12:29:21 - GET - /view/404
29.10.2024, 12:29:59 - GET - /view/404
29.10.2024, 12:30:23 - GET - /all
29.10.2024, 12:31:46 - GET - /view/404
29.10.2024, 13:02:21 - GET - /
29.10.2024, 13:56:34 - GET - /
29.10.2024, 13:56:40 - GET - /all
29.10.2024, 13:56:40 - GET - /all
29.10.2024, 14:06:06 - GET - /
29.10.2024, 14:06:06 - GET - /
29.10.2024, 14:06:06 - GET - /
29.10.2024, 14:08:22 - GET - /
29.10.2024, 14:08:53 - GET - /
29.10.2024, 16:42:41 - GET - /index/update/86688d91-0686-4549-b13c-6f22106c251e
29.10.2024, 16:43:55 - GET - /index/update/86688d91-0686-4549-b13c-6f22106c251e
29.10.2024, 16:44:21 - GET - /index/update/6d8dcc3d-a6fa-4311-8f1f-f180e13a381b
29.10.2024, 16:46:16 - GET - /index/update/86688d91-0686-4549-b13c-6f22106c251e
29.10.2024, 16:53:12 - GET - /
29.10.2024, 16:53:41 - GET - /index/update/a343b0be-8884-4626-9f59-9af675f82ebf
29.10.2024, 18:53:49 - POST - /update/25d6d87d-1e78-4a56-9597-7ae3851c26d0
29.10.2024, 18:54:14 - GET - /%D1%88%D1%82%D0%B2%D1%83%D1%87
29.10.2024, 18:54:44 - POST - /update/8bb18b9a-891b-43a5-a51b-87e9995f352c
29.10.2024, 19:02:55 - POST - /todo/delete/7c6f3d69-de6f-4d5d-bf6a-b45fd3606b29
29.10.2024, 19:23:01 - GET - /index
29.10.2024, 19:23:02 - GET - /index
29.10.2024, 19:23:03 - GET - /main
29.10.2024, 19:23:04 - GET - /index
29.10.2024, 19:23:30 - GET - /index/bdfcccdc-717b-42c7-935e-704c91e8f148
29.10.2024, 19:23:32 - GET - /update/bdfcccdc-717b-42c7-935e-704c91e8f148
29.10.2024, 19:23:35 - POST - /update/bdfcccdc-717b-42c7-935e-704c91e8f148
29.10.2024, 19:23:35 - GET - /index
29.10.2024, 19:24:04 - POST - /delete/bdfcccdc-717b-42c7-935e-704c91e8f148
29.10.2024, 19:24:04 - GET - /index
29.10.2024, 19:24:05 - POST - /delete/a54a2bbd-a141-41b7-b1e6-f9e3f1e61285
29.10.2024, 19:24:05 - GET - /index
29.10.2024, 19:24:07 - GET - /create
29.10.2024, 19:24:15 - POST - /create
29.10.2024, 19:24:15 - GET - /index
29.10.2024, 19:24:17 - GET - /index/50b76d37-fe4e-47ef-b746-6c6d0ea80884
29.10.2024, 19:24:23 - GET - /main
31.10.2024, 00:02:41 - GET - /index
31.10.2024, 00:02:44 - GET - /favicon.ico
31.10.2024, 00:02:50 - GET - /main
31.10.2024, 00:02:51 - GET - /index
31.10.2024, 00:03:19 - GET - /index/4971db2c-c176-4616-8028-5335b202f5c7
31.10.2024, 00:03:21 - POST - /delete/4971db2c-c176-4616-8028-5335b202f5c7
31.10.2024, 00:03:21 - GET - /index
31.10.2024, 00:03:56 - GET - /api/books
31.10.2024, 00:04:39 - GET - /api/books
31.10.2024, 00:05:42 - GET - /
31.10.2024, 00:05:46 - GET - /api/books
31.10.2024, 00:05:53 - GET - /api/
31.10.2024, 00:05:56 - GET - /api/books
31.10.2024, 00:05:58 - GET - /api/books/
31.10.2024, 00:07:57 - GET - /api/books
31.10.2024, 00:08:04 - GET - /user/login
31.10.2024, 00:08:27 - GET - /api/books
31.10.2024, 00:08:37 - GET - /api/books
31.10.2024, 00:09:17 - GET - /api/books
31.10.2024, 00:12:37 - GET - /api/books
31.10.2024, 00:12:41 - GET - /api/books
31.10.2024, 00:12:48 - GET - /main
31.10.2024, 00:12:54 - GET - /api/books
31.10.2024, 00:12:56 - GET - /api/books
31.10.2024, 00:24:22 - GET - /api/books
31.10.2024, 00:24:28 - GET - /main
31.10.2024, 00:24:30 - GET - /main
31.10.2024, 00:24:35 - GET - /
31.10.2024, 00:24:45 - GET - /index
31.10.2024, 00:25:28 - GET - /view/index
31.10.2024, 00:26:31 - GET - /view/index
31.10.2024, 00:26:35 - GET - /index
31.10.2024, 00:26:36 - GET - /index
31.10.2024, 00:29:42 - GET - /index
31.10.2024, 00:29:45 - GET - /
31.10.2024, 00:29:48 - GET - /main
31.10.2024, 00:29:52 - GET - /main
31.10.2024, 00:31:15 - GET - /main
31.10.2024, 00:31:19 - GET - /index
31.10.2024, 00:31:22 - GET - /index
31.10.2024, 00:32:15 - GET - /index
31.10.2024, 00:33:25 - GET - /index
31.10.2024, 00:40:21 - GET - /index
31.10.2024, 00:40:23 - GET - /index
31.10.2024, 00:41:45 - GET - /index
31.10.2024, 00:42:04 - GET - /index
31.10.2024, 00:45:05 - GET - /index
31.10.2024, 00:46:54 - GET - /index
31.10.2024, 00:47:52 - GET - /main
31.10.2024, 00:47:54 - GET - /main
31.10.2024, 00:48:00 - GET - /
31.10.2024, 00:48:05 - GET - /main
31.10.2024, 00:50:36 - GET - /api/books
31.10.2024, 00:50:45 - GET - /api/index
31.10.2024, 00:50:50 - GET - /index
31.10.2024, 00:51:57 - GET - /index
31.10.2024, 00:52:06 - GET - /index
31.10.2024, 00:55:49 - GET - /index
31.10.2024, 00:58:38 - GET - /index
31.10.2024, 00:59:23 - GET - /index
31.10.2024, 01:02:47 - GET - /index
31.10.2024, 01:04:44 - GET - /index
31.10.2024, 01:07:17 - GET - /index
31.10.2024, 01:07:46 - GET - /index
31.10.2024, 01:08:16 - GET - /index
31.10.2024, 01:09:00 - GET - /index
31.10.2024, 01:09:09 - GET - /index/ed3a3270-ba08-4298-a45f-143cb720cc0c
31.10.2024, 01:09:11 - GET - /update/ed3a3270-ba08-4298-a45f-143cb720cc0c
31.10.2024, 01:09:18 - GET - /api/books
31.10.2024, 18:58:29 - GET - /index
31.10.2024, 18:58:33 - GET - /favicon.ico
31.10.2024, 18:58:39 - GET - /api/books
31.10.2024, 18:58:41 - GET - /api/books
10/31/2024, 7:12:35 PM - GET - /index
10/31/2024, 7:12:35 PM - GET - /favicon.ico
10/31/2024, 7:13:03 PM - GET - /api/books
10/31/2024, 7:13:27 PM - GET - /api/books
10/31/2024, 7:14:26 PM - GET - /index
10/31/2024, 7:14:30 PM - GET - /index/96ed8341-721a-4755-89e0-92174548a616
10/31/2024, 7:14:32 PM - GET - /update/96ed8341-721a-4755-89e0-92174548a616
10/31/2024, 7:14:47 PM - POST - /update/96ed8341-721a-4755-89e0-92174548a616
10/31/2024, 7:14:47 PM - GET - /index
10/31/2024, 7:14:49 PM - GET - /index/96ed8341-721a-4755-89e0-92174548a616
10/31/2024, 7:14:57 PM - GET - /index/dd8c4640-6d78-4f4d-9190-67ee014138ae
10/31/2024, 7:15:04 PM - GET - /main
10/31/2024, 7:15:22 PM - GET - /main
10/31/2024, 7:15:24 PM - GET - /main
10/31/2024, 7:15:26 PM - GET - /index
10/31/2024, 7:15:29 PM - GET - /update/9406ec2c-2cfd-4d3a-8747-47a0de2c2c6c
10/31/2024, 7:15:32 PM - GET - /main
10/31/2024, 7:19:33 PM - GET - /main
10/31/2024, 7:20:07 PM - GET - /main
10/31/2024, 7:20:11 PM - GET - /main
10/31/2024, 7:20:12 PM - GET - /main
10/31/2024, 7:20:13 PM - GET - /index
10/31/2024, 7:20:20 PM - GET - /index/ca91f8c7-c9ac-45c9-833e-6de46be58f96
10/31/2024, 8:54:41 PM - GET - /index
10/31/2024, 8:55:44 PM - GET - /api/books/all
10/31/2024, 8:55:51 PM - GET - /api/books
01.11.2024, 00:26:44 - GET - /index/
01.11.2024, 00:31:54 - GET - /index/
01.11.2024, 00:32:00 - GET - /main
01.11.2024, 00:33:06 - GET - /main
01.11.2024, 00:33:13 - GET - /main
01.11.2024, 00:33:21 - GET - /main
01.11.2024, 00:34:03 - GET - /main
01.11.2024, 00:34:31 - GET - /main
01.11.2024, 00:37:22 - GET - /main
01.11.2024, 00:37:28 - GET - /index
01.11.2024, 00:39:16 - GET - /index
01.11.2024, 00:39:27 - GET - /index
01.11.2024, 00:43:18 - GET - /index
01.11.2024, 00:43:21 - GET - /
01.11.2024, 00:43:30 - GET - /main
01.11.2024, 00:46:02 - GET - /index
01.11.2024, 00:46:13 - GET - /main
01.11.2024, 00:46:14 - GET - /index
01.11.2024, 00:46:18 - GET - /index/f5c87a77-ed6e-40b1-80b0-8f949fe17dae
01.11.2024, 00:51:19 - GET - /index
01.11.2024, 00:59:46 - GET - /index
01.11.2024, 00:59:57 - GET - /api/books
01.11.2024, 01:00:07 - GET - /main
01.11.2024, 01:00:16 - GET - /index
01.11.2024, 01:00:17 - GET - /index
01.11.2024, 01:02:45 - GET - /index
01.11.2024, 01:02:52 - GET - /index
01.11.2024, 01:02:52 - GET - /index
01.11.2024, 01:08:55 - GET - /index
01.11.2024, 01:09:17 - GET - /index
01.11.2024, 01:09:32 - GET - /index
01.11.2024, 01:09:40 - GET - /index
01.11.2024, 01:09:47 - GET - /index
01.11.2024, 01:09:55 - GET - /index
01.11.2024, 01:11:31 - GET - /index
01.11.2024, 01:11:42 - GET - /index
01.11.2024, 01:12:31 - GET - /index
01.11.2024, 01:14:21 - GET - /index
01.11.2024, 01:28:14 - GET - /index
01.11.2024, 01:28:22 - GET - /index
01.11.2024, 01:28:51 - GET - /index
01.11.2024, 01:35:00 - GET - /index
01.11.2024, 01:37:04 - GET - /index
01.11.2024, 01:37:39 - GET - /index
01.11.2024, 01:38:13 - GET - /index
01.11.2024, 01:38:22 - GET - /index
01.11.2024, 01:38:41 - GET - /index
01.11.2024, 01:38:57 - GET - /index
01.11.2024, 01:44:44 - GET - /index
01.11.2024, 01:46:32 - GET - /index
01.11.2024, 01:46:38 - GET - /index
01.11.2024, 01:46:51 - GET - /api/books
01.11.2024, 01:46:51 - GET - /favicon.ico
01.11.2024, 01:47:03 - GET - /main
01.11.2024, 01:47:10 - GET - /404
01.11.2024, 01:47:16 - GET - /index
01.11.2024, 01:47:24 - GET - /404
01.11.2024, 01:50:29 - GET - /404
01.11.2024, 01:50:37 - GET - /index
01.11.2024, 01:51:49 - GET - /index
01.11.2024, 01:51:53 - GET - /index
01.11.2024, 01:54:18 - GET - /index
01.11.2024, 01:54:32 - GET - /index
01.11.2024, 01:55:54 - GET - /index
01.11.2024, 01:56:14 - GET - /index
01.11.2024, 01:57:44 - GET - /index
01.11.2024, 01:58:15 - GET - /index
01.11.2024, 01:58:25 - GET - /index
01.11.2024, 02:00:52 - GET - /index
01.11.2024, 02:01:10 - GET - /index
01.11.2024, 02:01:19 - GET - /index
01.11.2024, 02:02:17 - GET - /index
01.11.2024, 02:02:50 - GET - /index
01.11.2024, 02:03:20 - GET - /index
01.11.2024, 02:06:15 - GET - /index
01.11.2024, 02:07:02 - GET - /index
01.11.2024, 02:09:03 - GET - /index
01.11.2024, 02:11:43 - GET - /index
01.11.2024, 02:12:19 - GET - /index
01.11.2024, 02:12:39 - GET - /index
01.11.2024, 02:13:22 - GET - /index
01.11.2024, 02:13:38 - GET - /index
01.11.2024, 02:14:49 - GET - /index
01.11.2024, 02:30:47 - GET - /index
01.11.2024, 02:30:53 - GET - /index
01.11.2024, 02:37:00 - GET - /index
01.11.2024, 02:37:01 - GET - /index
01.11.2024, 02:37:03 - GET - /index
01.11.2024, 02:37:11 - GET - /%D1%8C%D1%84%D1%88%D1%82
01.11.2024, 02:37:19 - GET - /main
01.11.2024, 02:37:34 - GET - /index
01.11.2024, 02:37:36 - GET - /index
01.11.2024, 02:37:46 - GET - /api/books
01.11.2024, 02:37:51 - GET - /index
01.11.2024, 02:37:51 - GET - /index
01.11.2024, 02:38:32 - GET - /index
01.11.2024, 02:44:30 - GET - /index
01.11.2024, 03:57:29 - GET - /index
01.11.2024, 03:58:49 - GET - /index
01.11.2024, 04:00:04 - GET - /index
01.11.2024, 04:00:23 - GET - /index
01.11.2024, 04:00:42 - GET - /index
01.11.2024, 04:10:12 - GET - /index
01.11.2024, 04:11:55 - GET - /index
01.11.2024, 04:11:58 - GET - /index
01.11.2024, 04:15:43 - GET - /index
01.11.2024, 04:15:43 - GET - /favicon.ico
01.11.2024, 04:15:48 - GET - /index/722d7bc8-fc15-4286-8d45-3e9f3d8956f3
01.11.2024, 04:16:15 - GET - /index/722d7bc8-fc15-4286-8d45-3e9f3d8956f3
01.11.2024, 04:16:15 - GET - /404
01.11.2024, 04:16:21 - GET - /main
01.11.2024, 04:16:22 - GET - /index
01.11.2024, 04:16:24 - GET - /index/6507df82-340a-4c59-ae88-6e5e706d842e
01.11.2024, 04:16:26 - GET - /index
01.11.2024, 04:16:27 - GET - /main
01.11.2024, 04:16:29 - GET - /index
01.11.2024, 04:16:31 - GET - /index/3d7fcc09-84be-420d-9c72-545e66c7b782
01.11.2024, 04:16:55 - GET - /index/3d7fcc09-84be-420d-9c72-545e66c7b782
01.11.2024, 04:16:55 - GET - /404
01.11.2024, 04:17:03 - GET - /main
01.11.2024, 04:17:04 - GET - /index
01.11.2024, 10:15:58 - GET - /index
01.11.2024, 10:15:58 - GET - /favicon.ico
01.11.2024, 10:16:06 - GET - /index/761dd1ba-4431-4295-82f4-bc9b9d73998c
01.11.2024, 10:26:26 - GET - /index
01.11.2024, 10:26:27 - GET - /index
01.11.2024, 10:26:35 - GET - /
01.11.2024, 10:26:35 - GET - /favicon.ico
01.11.2024, 10:26:42 - GET - /api/books
01.11.2024, 10:26:54 - GET - /asd
01.11.2024, 10:26:59 - GET - /index
01.11.2024, 10:27:00 - GET - /index
01.11.2024, 10:27:53 - GET - /index
01.11.2024, 10:28:26 - GET - /index
01.11.2024, 10:29:33 - GET - /index
01.11.2024, 10:29:59 - GET - /index
01.11.2024, 10:30:48 - GET - /index
01.11.2024, 10:31:14 - GET - /index
01.11.2024, 10:36:43 - GET - /index
01.11.2024, 10:38:45 - GET - /index
01.11.2024, 10:45:42 - GET - /main
01.11.2024, 10:46:44 - GET - /404
01.11.2024, 10:48:47 - GET - /404
01.11.2024, 10:48:47 - GET - /404
01.11.2024, 10:48:51 - GET - /index
01.11.2024, 10:48:51 - GET - /index
01.11.2024, 10:48:57 - GET - /404
01.11.2024, 10:48:58 - GET - /404
01.11.2024, 10:50:18 - GET - /404
01.11.2024, 10:50:23 - GET - /index
01.11.2024, 10:50:23 - GET - /index
01.11.2024, 10:51:11 - GET - /index
01.11.2024, 10:51:16 - GET - /index
01.11.2024, 10:52:56 - GET - /index
01.11.2024, 10:53:04 - GET - /index
01.11.2024, 10:54:09 - GET - /index
01.11.2024, 10:54:22 - GET - /index
01.11.2024, 10:55:35 - GET - /index
01.11.2024, 10:55:41 - GET - /main
01.11.2024, 10:55:41 - GET - /main
01.11.2024, 10:55:46 - GET - /404
01.11.2024, 10:55:46 - GET - /404
01.11.2024, 10:56:04 - GET - /index
01.11.2024, 10:56:05 - GET - /index
01.11.2024, 10:57:21 - GET - /index
01.11.2024, 10:57:22 - GET - /index
01.11.2024, 10:58:56 - GET - /index
01.11.2024, 10:58:58 - GET - /index
01.11.2024, 10:58:58 - GET - /index
01.11.2024, 10:58:58 - GET - /index
01.11.2024, 10:58:59 - GET - /index
01.11.2024, 11:00:29 - GET - /index
01.11.2024, 11:00:31 - GET - /index
01.11.2024, 11:00:35 - GET - /404
01.11.2024, 11:00:36 - GET - /404
01.11.2024, 11:00:41 - GET - /api/books
01.11.2024, 11:00:47 - GET - /index
01.11.2024, 11:00:47 - GET - /index
01.11.2024, 11:00:59 - GET - /index
01.11.2024, 11:06:46 - GET - /index
01.11.2024, 11:07:03 - GET - /index
01.11.2024, 11:08:39 - GET - /index
01.11.2024, 11:10:28 - GET - /index
01.11.2024, 11:10:28 - GET - /index
01.11.2024, 11:10:29 - GET - /index
01.11.2024, 11:11:57 - GET - /index
01.11.2024, 11:11:59 - GET - /index
01.11.2024, 11:11:59 - GET - /index
01.11.2024, 11:12:00 - GET - /index
01.11.2024, 11:13:16 - GET - /index
01.11.2024, 11:13:17 - GET - /index
01.11.2024, 11:14:21 - GET - /index
01.11.2024, 11:14:23 - GET - /index
01.11.2024, 11:14:42 - GET - /index
01.11.2024, 11:15:35 - GET - /index
01.11.2024, 11:15:36 - GET - /index
01.11.2024, 11:15:42 - GET - /index
01.11.2024, 11:15:42 - GET - /index
01.11.2024, 11:15:51 - GET - /index
01.11.2024, 11:15:51 - GET - /index
01.11.2024, 11:16:02 - GET - /index
01.11.2024, 11:16:18 - GET - /index
01.11.2024, 11:16:19 - GET - /index
01.11.2024, 11:16:31 - GET - /index
01.11.2024, 11:17:01 - GET - /index
01.11.2024, 11:19:27 - GET - /index
01.11.2024, 11:19:28 - GET - /index
01.11.2024, 11:19:56 - GET - /index
01.11.2024, 11:20:25 - GET - /index
01.11.2024, 11:20:25 - GET - /index
01.11.2024, 11:38:31 - GET - /api/books
01.11.2024, 11:38:38 - GET - /index
01.11.2024, 11:38:39 - GET - /index
01.11.2024, 11:41:24 - GET - /api/books
01.11.2024, 11:41:29 - GET - /index
01.11.2024, 11:41:30 - GET - /index
01.11.2024, 11:47:40 - GET - /index
01.11.2024, 11:47:42 - GET - /index
01.11.2024, 11:47:49 - GET - /api/books
01.11.2024, 11:48:09 - GET - /
01.11.2024, 11:48:13 - GET - /index
01.11.2024, 11:48:13 - GET - /index
01.11.2024, 11:52:12 - GET - /index
01.11.2024, 11:52:21 - GET - /api/books
01.11.2024, 11:52:27 - GET - /index
01.11.2024, 11:52:27 - GET - /index
01.11.2024, 11:56:56 - GET - /index
01.11.2024, 11:57:57 - GET - /index
01.11.2024, 12:01:36 - GET - /index
01.11.2024, 12:02:09 - GET - /index
01.11.2024, 12:02:52 - GET - /index
01.11.2024, 12:03:29 - GET - /index
01.11.2024, 12:05:10 - GET - /index
01.11.2024, 12:07:15 - GET - /index
01.11.2024, 12:07:16 - GET - /index
01.11.2024, 14:13:50 - GET - /index
01.11.2024, 14:13:51 - GET - /index
01.11.2024, 14:18:51 - GET - /index
01.11.2024, 14:19:20 - GET - /index
01.11.2024, 14:20:22 - GET - /index
01.11.2024, 14:20:26 - GET - /index
01.11.2024, 14:20:46 - GET - /index
01.11.2024, 14:24:23 - GET - /index
01.11.2024, 14:24:27 - GET - /index
01.11.2024, 14:26:06 - GET - /index
01.11.2024, 15:02:02 - GET - /index
01.11.2024, 15:02:04 - GET - /index
01.11.2024, 15:11:54 - GET - /index
01.11.2024, 15:11:56 - GET - /index
01.11.2024, 15:40:49 - GET - /index
01.11.2024, 15:42:44 - GET - /index
01.11.2024, 15:43:05 - GET - /index
01.11.2024, 16:00:44 - GET - /index
01.11.2024, 16:02:01 - GET - /index
01.11.2024, 16:16:20 - GET - /index
01.11.2024, 17:30:52 - GET - /index
01.11.2024, 17:35:43 - GET - /index
01.11.2024, 17:39:14 - GET - /index
01.11.2024, 17:41:33 - GET - /index
01.11.2024, 17:41:35 - GET - /index
01.11.2024, 17:53:12 - GET - /index
01.11.2024, 17:53:13 - GET - /index
01.11.2024, 17:53:14 - GET - /index
01.11.2024, 17:53:15 - GET - /index
01.11.2024, 17:53:15 - GET - /index
01.11.2024, 17:54:23 - GET - /index
01.11.2024, 17:58:18 - GET - /index
01.11.2024, 17:59:57 - GET - /index
01.11.2024, 18:03:40 - GET - /index
01.11.2024, 18:03:42 - GET - /index/88fac813-1084-45b3-b20c-bbbbf41d0b41
01.11.2024, 18:03:47 - GET - /api/books
01.11.2024, 18:03:55 - GET - /index
01.11.2024, 18:21:25 - GET - /index/be227003-813b-44ee-9912-a08a5e33743b
11/1/2024, 3:56:13 PM - GET - /index/be227003-813b-44ee-9912-a08a5e33743b
11/1/2024, 3:56:13 PM - GET - /404
11/1/2024, 3:56:13 PM - GET - /favicon.ico
11/1/2024, 3:56:16 PM - GET - /index
11/1/2024, 3:56:20 PM - GET - /index/b00cf839-5cff-41ad-b1ba-5a0225282156
11/1/2024, 3:56:35 PM - GET - /api/books
11/2/2024, 12:20:43 AM - GET - /index
11/2/2024, 12:20:47 AM - GET - /main
11/2/2024, 12:20:48 AM - GET - /index
11/2/2024, 12:22:02 AM - GET - /index
11/2/2024, 12:25:34 AM - GET - /index/652b3716-7486-4289-855d-a1a83b43c1c5
11/2/2024, 12:25:34 AM - GET - /404
11/2/2024, 12:25:40 AM - GET - /index/b34b6377-9365-44c8-9029-c81cd6d08c8c
11/2/2024, 12:25:40 AM - GET - /404
11/2/2024, 12:25:47 AM - GET - /index/94604422-5bb3-45c6-994c-860955401922
11/2/2024, 12:25:47 AM - GET - /404
11/2/2024, 12:26:16 AM - GET - /index
11/2/2024, 12:27:38 AM - GET - /index
11/2/2024, 1:15:03 PM - GET - /index
11/2/2024, 1:15:03 PM - GET - /favicon.ico
11/2/2024, 1:42:16 PM - GET - /index
11/2/2024, 2:01:55 PM - GET - /index
11/2/2024, 2:01:56 PM - GET - /index
11/2/2024, 2:03:25 PM - GET - /index
11/2/2024, 2:15:15 PM - GET - /index/
11/2/2024, 2:15:55 PM - GET - /index/
11/2/2024, 2:15:57 PM - GET - /index/
11/2/2024, 2:15:58 PM - GET - /index/
11/2/2024, 2:17:10 PM - GET - /index/
11/2/2024, 2:19:39 PM - GET - /index/4d315841-5f12-4e13-86c4-471e1ee2940d
11/2/2024, 2:19:39 PM - GET - /404
11/2/2024, 2:24:50 PM - GET - /index
11/2/2024, 2:24:51 PM - GET - /index
11/2/2024, 2:32:03 PM - GET - /index/d9ec952f-6862-4f97-9001-a43500bb97ea
11/2/2024, 2:32:03 PM - GET - /404
11/2/2024, 2:33:21 PM - GET - /index
11/2/2024, 2:33:22 PM - GET - /index
11/2/2024, 2:33:29 PM - GET - /index/3df962d0-d188-41d0-8ff9-dfdf2d0d95dc
11/2/2024, 2:34:43 PM - GET - /index/
11/2/2024, 2:34:45 PM - GET - /index/ce37c51d-1e58-4283-b601-78760b3ace93
11/2/2024, 2:35:22 PM - GET - /index/ce37c51d-1e58-4283-b601-78760b3ace93
11/2/2024, 2:35:22 PM - GET - /404
11/2/2024, 2:53:46 PM - GET - /index
11/2/2024, 2:53:49 PM - GET - /index/23d4409d-218f-4e58-8cd8-1dedb56f2d57
11/2/2024, 2:53:52 PM - GET - /index/23d4409d-218f-4e58-8cd8-1dedb56f2d57
11/2/2024, 2:53:54 PM - GET - /index/23d4409d-218f-4e58-8cd8-1dedb56f2d57
11/2/2024, 2:54:33 PM - GET - /index/23d4409d-218f-4e58-8cd8-1dedb56f2d57
11/2/2024, 2:54:36 PM - GET - /index/37acbbe0-aaed-48fd-a1e8-56dee2e39296
11/2/2024, 3:00:47 PM - GET - /404
11/2/2024, 3:00:50 PM - GET - /index
11/2/2024, 3:00:51 PM - GET - /main
11/2/2024, 3:00:51 PM - GET - /index
11/2/2024, 3:17:32 PM - GET - /index/d31488b5-7ac7-4fef-89f7-2a0d17992f2c
11/2/2024, 3:17:32 PM - GET - /404
11/2/2024, 3:26:30 PM - GET - /404
11/2/2024, 3:26:32 PM - GET - /main
11/2/2024, 3:26:32 PM - GET - /main
11/2/2024, 3:26:33 PM - GET - /index
11/2/2024, 3:26:35 PM - GET - /index/17b6979a-45d2-4386-a0a3-3e3d30210ca9
11/2/2024, 3:33:33 PM - GET - /index
11/2/2024, 3:33:35 PM - GET - /index/ed1dd473-d8d6-4962-9557-a47820d69bfc
11/2/2024, 3:33:39 PM - GET - /index/61362b3f-8a74-4535-9385-9195ebb43896
11/2/2024, 3:33:43 PM - GET - /index/61362b3f-8a74-4535-9385-9195ebb43896
11/2/2024, 3:33:45 PM - GET - /index/ed1dd473-d8d6-4962-9557-a47820d69bfc
11/2/2024, 3:33:47 PM - GET - /index/d2e95583-d2ca-42f8-bbd6-cdffef808cc2
11/2/2024, 3:33:50 PM - GET - /index/ed1dd473-d8d6-4962-9557-a47820d69bfc
11/2/2024, 3:34:48 PM - GET - /index/ed1dd473-d8d6-4962-9557-a47820d69bfc
11/2/2024, 3:34:48 PM - GET - /404
11/2/2024, 3:34:51 PM - GET - /index/61362b3f-8a74-4535-9385-9195ebb43896
11/2/2024, 3:34:51 PM - GET - /404
11/2/2024, 3:34:53 PM - GET - /index
11/2/2024, 3:34:54 PM - GET - /index/937d501a-13b4-47ed-a0f8-575542a91e83
11/2/2024, 3:34:57 PM - GET - /index/937d501a-13b4-47ed-a0f8-575542a91e83
11/2/2024, 3:34:59 PM - GET - /index/937d501a-13b4-47ed-a0f8-575542a91e83
11/2/2024, 3:35:29 PM - GET - /index/3ead3562-905d-4008-869b-bfaebd462329
11/2/2024, 3:35:32 PM - GET - /index/007664a3-2bd4-4ad1-bca0-302e7012a271
11/2/2024, 3:35:34 PM - GET - /index/3ead3562-905d-4008-869b-bfaebd462329
11/2/2024, 3:35:36 PM - GET - /index/3ead3562-905d-4008-869b-bfaebd462329
11/2/2024, 3:35:39 PM - GET - /index/3ead3562-905d-4008-869b-bfaebd462329
11/2/2024, 3:35:41 PM - GET - /index/007664a3-2bd4-4ad1-bca0-302e7012a271
11/2/2024, 3:35:46 PM - GET - /index/3ead3562-905d-4008-869b-bfaebd462329
11/2/2024, 3:35:49 PM - GET - /index/3ead3562-905d-4008-869b-bfaebd462329
11/2/2024, 3:35:52 PM - GET - /index/3ead3562-905d-4008-869b-bfaebd462329
11/2/2024, 3:35:53 PM - GET - /index/3ead3562-905d-4008-869b-bfaebd462329
11/2/2024, 3:35:53 PM - GET - /index/3ead3562-905d-4008-869b-bfaebd462329
11/2/2024, 3:35:54 PM - GET - /index/3ead3562-905d-4008-869b-bfaebd462329
11/2/2024, 3:35:57 PM - GET - /index/007664a3-2bd4-4ad1-bca0-302e7012a271
11/2/2024, 3:36:00 PM - GET - /index/3ead3562-905d-4008-869b-bfaebd462329
11/2/2024, 3:36:31 PM - GET - /index
11/2/2024, 3:36:33 PM - GET - /index
11/2/2024, 3:36:34 PM - GET - /index/fc184e8f-3c43-43b9-9c75-e3fb557fea00
11/2/2024, 3:40:04 PM - GET - /index/
11/2/2024, 3:40:06 PM - GET - /index/6c50ac9d-65fd-4846-bef6-c265618ba896
11/2/2024, 3:40:10 PM - GET - /index/6c50ac9d-65fd-4846-bef6-c265618ba896
11/2/2024, 3:40:12 PM - GET - /index/6c50ac9d-65fd-4846-bef6-c265618ba896
11/2/2024, 3:40:13 PM - GET - /index/6c50ac9d-65fd-4846-bef6-c265618ba896
11/2/2024, 3:40:13 PM - GET - /index/6c50ac9d-65fd-4846-bef6-c265618ba896
11/2/2024, 3:40:13 PM - GET - /index/6c50ac9d-65fd-4846-bef6-c265618ba896
11/2/2024, 3:40:13 PM - GET - /index/6c50ac9d-65fd-4846-bef6-c265618ba896
11/2/2024, 3:41:17 PM - GET - /index/
11/2/2024, 3:41:18 PM - GET - /main
11/2/2024, 3:41:19 PM - GET - /index
11/2/2024, 3:41:20 PM - GET - /index/443b3a7f-6cfb-4ca0-8f01-f2340a15834f
11/2/2024, 3:42:56 PM - GET - /index/443b3a7f-6cfb-4ca0-8f01-f2340a15834f
11/2/2024, 3:42:56 PM - GET - /404
11/2/2024, 3:43:40 PM - GET - /
11/2/2024, 3:43:46 PM - GET - /index
11/2/2024, 3:43:47 PM - GET - /index
11/2/2024, 3:43:51 PM - GET - /index/4116dc97-fcef-4a89-9c63-e1c47e448d81
11/2/2024, 3:43:53 PM - GET - /index/4116dc97-fcef-4a89-9c63-e1c47e448d81
11/2/2024, 3:43:53 PM - GET - /index/4116dc97-fcef-4a89-9c63-e1c47e448d81
11/2/2024, 3:43:53 PM - GET - /index/4116dc97-fcef-4a89-9c63-e1c47e448d81
11/2/2024, 3:43:53 PM - GET - /index/4116dc97-fcef-4a89-9c63-e1c47e448d81
11/2/2024, 3:43:54 PM - GET - /index/4116dc97-fcef-4a89-9c63-e1c47e448d81
11/2/2024, 3:43:54 PM - GET - /index/4116dc97-fcef-4a89-9c63-e1c47e448d81
11/2/2024, 3:43:56 PM - GET - /index/8b7ec6f9-f2cf-490f-92cf-501e966723f0
11/2/2024, 3:43:57 PM - GET - /update/8b7ec6f9-f2cf-490f-92cf-501e966723f0
11/2/2024, 3:44:01 PM - GET - /index/8b7ec6f9-f2cf-490f-92cf-501e966723f0
11/2/2024, 3:44:01 PM - GET - /index/8b7ec6f9-f2cf-490f-92cf-501e966723f0
11/2/2024, 3:44:02 PM - GET - /index/8b7ec6f9-f2cf-490f-92cf-501e966723f0
11/2/2024, 3:44:02 PM - GET - /index/8b7ec6f9-f2cf-490f-92cf-501e966723f0
11/2/2024, 3:44:02 PM - GET - /index/8b7ec6f9-f2cf-490f-92cf-501e966723f0
11/2/2024, 3:44:05 PM - GET - /index/e445a226-8da9-4683-92fa-85165368467f
11/2/2024, 3:44:06 PM - GET - /index/e445a226-8da9-4683-92fa-85165368467f
11/2/2024, 3:44:09 PM - GET - /index/e445a226-8da9-4683-92fa-85165368467f
11/2/2024, 4:39:42 PM - GET - /index/4116dc97-fcef-4a89-9c63-e1c47e448d81
11/2/2024, 4:39:45 PM - GET - /index/4116dc97-fcef-4a89-9c63-e1c47e448d81
11/2/2024, 4:39:46 PM - GET - /index/4116dc97-fcef-4a89-9c63-e1c47e448d81
11/2/2024, 4:39:46 PM - GET - /index/4116dc97-fcef-4a89-9c63-e1c47e448d81
11/2/2024, 4:39:46 PM - GET - /index/4116dc97-fcef-4a89-9c63-e1c47e448d81
11/2/2024, 4:39:46 PM - GET - /index/4116dc97-fcef-4a89-9c63-e1c47e448d81
11/2/2024, 4:39:49 PM - GET - /index/8b7ec6f9-f2cf-490f-92cf-501e966723f0
11/2/2024, 4:39:52 PM - GET - /index/8ef64a27-17c6-437f-a34b-50de92675875
11/2/2024, 4:39:54 PM - GET - /index/4116dc97-fcef-4a89-9c63-e1c47e448d81
11/2/2024, 4:40:10 PM - GET - /create
11/2/2024, 4:40:19 PM - POST - /create
11/2/2024, 4:40:19 PM - GET - /index
11/2/2024, 4:40:21 PM - GET - /index/b55fd743-2803-46b5-91f9-e918dfdb2f3e
11/2/2024, 4:40:29 PM - GET - /index/b55fd743-2803-46b5-91f9-e918dfdb2f3e
11/2/2024, 4:40:29 PM - GET - /index/b55fd743-2803-46b5-91f9-e918dfdb2f3e
11/2/2024, 4:40:32 PM - GET - /index/b55fd743-2803-46b5-91f9-e918dfdb2f3e
11/2/2024, 4:40:34 PM - GET - /main
11/2/2024, 4:58:48 PM - GET - /index
11/2/2024, 4:59:16 PM - GET - /index/47895873-3d7d-4bdb-a598-9abcfe92347a
11/2/2024, 4:59:19 PM - GET - /index/e711b543-43dd-4d88-9371-8f71f2019aab
11/2/2024, 4:59:21 PM - GET - /index/af77dab4-c31a-4d8a-a052-065016341f32
11/2/2024, 4:59:23 PM - GET - /index/a8c853a0-8a3b-4369-b256-552ef06b40b5
03.11.2024, 12:42:34 - GET - /index
03.11.2024, 12:42:35 - GET - /favicon.ico
03.11.2024, 12:42:38 - GET - /create
03.11.2024, 12:46:06 - GET - /index
03.11.2024, 12:46:07 - GET - /create
03.11.2024, 12:47:54 - GET - /favicon.ico
03.11.2024, 12:49:21 - POST - /create
03.11.2024, 12:49:21 - GET - /index
03.11.2024, 12:49:24 - GET - /index
03.11.2024, 12:49:25 - GET - /main
03.11.2024, 12:49:26 - GET - /index
03.11.2024, 12:50:28 - GET - /create
03.11.2024, 12:53:12 - GET - /index
03.11.2024, 12:54:08 - GET - /index
03.11.2024, 12:59:56 - GET - /index
03.11.2024, 13:03:46 - GET - /index
03.11.2024, 13:04:24 - GET - /index/8f27e741-2488-4b17-899a-45445b9bd190
03.11.2024, 13:14:51 - GET - /index/
03.11.2024, 13:15:09 - GET - /index/8f27e741-2488-4b17-899a-45445b9bd190
03.11.2024, 13:18:32 - GET - /index/8f27e741-2488-4b17-899a-45445b9bd190
03.11.2024, 13:18:44 - GET - /index
03.11.2024, 13:18:49 - GET - /index/8f27e741-2488-4b17-899a-45445b9bd190
03.11.2024, 13:19:35 - GET - /index/8f27e741-2488-4b17-899a-45445b9bd190
03.11.2024, 13:19:53 - GET - /index/8f27e741-2488-4b17-899a-45445b9bd190
03.11.2024, 13:19:58 - GET - /index/8f27e741-2488-4b17-899a-45445b9bd190
03.11.2024, 13:20:05 - GET - /index/8f27e741-2488-4b17-899a-45445b9bd190
03.11.2024, 13:21:18 - GET - /index/8f27e741-2488-4b17-899a-45445b9bd190
03.11.2024, 13:21:30 - GET - /update/8f27e741-2488-4b17-899a-45445b9bd190
03.11.2024, 13:45:46 - GET - /index
03.11.2024, 13:45:57 - GET - /index/8f27e741-2488-4b17-899a-45445b9bd190
03.11.2024, 13:46:05 - GET - /update/8f27e741-2488-4b17-899a-45445b9bd190
03.11.2024, 13:52:09 - GET - /index
03.11.2024, 13:52:11 - GET - /create
03.11.2024, 13:55:11 - GET - /create
03.11.2024, 13:55:21 - POST - /create
03.11.2024, 13:55:26 - GET - /index
03.11.2024, 13:55:36 - GET - /index/8f83815e-8ab2-4586-af09-104734753e30
03.11.2024, 13:57:07 - GET - /index/8f83815e-8ab2-4586-af09-104734753e30
03.11.2024, 13:57:43 - GET - /index/
03.11.2024, 13:57:44 - GET - /index/8f83815e-8ab2-4586-af09-104734753e30
03.11.2024, 13:58:07 - GET - /index/8f83815e-8ab2-4586-af09-104734753e30
03.11.2024, 13:58:23 - GET - /index/8f83815e-8ab2-4586-af09-104734753e30
03.11.2024, 13:58:49 - GET - /index/8f83815e-8ab2-4586-af09-104734753e30
03.11.2024, 14:06:25 - GET - /index/8f83815e-8ab2-4586-af09-104734753e30
03.11.2024, 14:06:58 - GET - /index/8f83815e-8ab2-4586-af09-104734753e30
03.11.2024, 14:07:11 - GET - /index/8f83815e-8ab2-4586-af09-104734753e30
03.11.2024, 14:07:11 - GET - /index/8f83815e-8ab2-4586-af09-104734753e30
03.11.2024, 14:07:15 - GET - /update/8f83815e-8ab2-4586-af09-104734753e30
03.11.2024, 14:07:26 - POST - /update/8f83815e-8ab2-4586-af09-104734753e30
03.11.2024, 14:08:13 - GET - /update/8f83815e-8ab2-4586-af09-104734753e30
03.11.2024, 14:08:22 - POST - /update/8f83815e-8ab2-4586-af09-104734753e30
03.11.2024, 14:12:54 - POST - /update/8f83815e-8ab2-4586-af09-104734753e30
03.11.2024, 14:13:41 - GET - /index
03.11.2024, 14:13:42 - GET - /index
03.11.2024, 14:13:44 - GET - /update/8f83815e-8ab2-4586-af09-104734753e30
03.11.2024, 14:13:51 - POST - /update/8f83815e-8ab2-4586-af09-104734753e30
03.11.2024, 14:15:00 - GET - /update/8f83815e-8ab2-4586-af09-104734753e30
03.11.2024, 14:15:05 - POST - /update/8f83815e-8ab2-4586-af09-104734753e30
03.11.2024, 14:37:58 - GET - /
03.11.2024, 14:38:08 - GET - /index
03.11.2024, 14:38:10 - GET - /index
03.11.2024, 14:38:16 - GET - /index/k
03.11.2024, 14:39:01 - GET - /index/k
03.11.2024, 14:42:38 - GET - /index/k
03.11.2024, 14:44:28 - GET - /error/402
03.11.2024, 14:44:39 - GET - /main
03.11.2024, 14:44:39 - GET - /main
03.11.2024, 14:44:40 - GET - /index
03.11.2024, 14:44:42 - GET - /index/8f83815e-8ab2-4586-af09-104734753e30
03.11.2024, 14:44:54 - GET - /index/8f83815e-8ab2-4586-af09-104734753e30
03.11.2024, 14:44:55 - GET - /index/8f83815e-8ab2-4586-af09-104734753e30
03.11.2024, 14:44:57 - GET - /update/8f83815e-8ab2-4586-af09-104734753e30
03.11.2024, 14:45:05 - POST - /update/8f83815e-8ab2-4586-af09-104734753e30
03.11.2024, 14:45:10 - GET - /index
03.11.2024, 14:45:13 - GET - /index/8f83815e-8ab2-4586-af09-104734753e30
03.11.2024, 14:45:17 - POST - /delete/8f83815e-8ab2-4586-af09-104734753e30
03.11.2024, 14:45:17 - GET - /index
03.11.2024, 14:45:20 - GET - /index
03.11.2024, 14:45:21 - GET - /create
03.11.2024, 14:45:26 - POST - /create
03.11.2024, 14:45:26 - GET - /index
03.11.2024, 14:45:34 - POST - /delete/ebb1f8f3-d10e-4ed9-b7eb-cf6b5de280a5
03.11.2024, 14:45:34 - GET - /index
03.11.2024, 14:45:36 - GET - /index
11/3/2024, 12:33:35 PM - GET - /index
11/3/2024, 12:52:46 PM - GET - /index
11/3/2024, 12:52:49 PM - GET - /main
11/3/2024, 12:52:50 PM - GET - /index
11/3/2024, 12:52:52 PM - GET - /index/8f27e741-2488-4b17-899a-45445b9bd190
11/3/2024, 12:52:56 PM - GET - /index
11/3/2024, 12:52:57 PM - GET - /index/8f27e741-2488-4b17-899a-45445b9bd190
11/3/2024, 12:52:59 PM - GET - /main
11/3/2024, 12:53:00 PM - GET - /index
11/3/2024, 12:53:02 PM - GET - /create
11/3/2024, 12:53:47 PM - POST - /create
11/3/2024, 12:53:47 PM - GET - /index
11/3/2024, 12:53:52 PM - GET - /create
11/3/2024, 12:54:19 PM - POST - /create
11/3/2024, 12:54:19 PM - GET - /index
11/3/2024, 12:54:23 PM - GET - /index/9445c5ec-b81f-4c7f-a306-b5420a834bd3
11/3/2024, 12:54:26 PM - GET - /index/9445c5ec-b81f-4c7f-a306-b5420a834bd3
11/3/2024, 12:54:28 PM - GET - /index/9445c5ec-b81f-4c7f-a306-b5420a834bd3
11/3/2024, 12:54:31 PM - GET - /index/8f27e741-2488-4b17-899a-45445b9bd190
11/3/2024, 12:54:39 PM - GET - /index/
11/3/2024, 12:54:42 PM - GET - /index/2
11/3/2024, 12:54:42 PM - GET - /error/402
11/3/2024, 12:54:43 PM - GET - /main
11/3/2024, 12:54:44 PM - GET - /index
03.11.2024, 15:56:38 - GET - /index
03.11.2024, 15:56:48 - GET - /create
03.11.2024, 15:56:58 - POST - /create
03.11.2024, 16:11:11 - POST - /create
03.11.2024, 16:11:11 - GET - /index
03.11.2024, 16:11:11 - GET - /index
03.11.2024, 16:11:26 - GET - /index/268b219c-0ff6-4029-88e4-6461f3f016a5
03.11.2024, 16:11:30 - GET - /index/268b219c-0ff6-4029-88e4-6461f3f016a5
03.11.2024, 16:11:32 - GET - /update/268b219c-0ff6-4029-88e4-6461f3f016a5
03.11.2024, 16:11:43 - POST - /update/268b219c-0ff6-4029-88e4-6461f3f016a5
03.11.2024, 16:11:43 - GET - /index
03.11.2024, 16:11:49 - GET - /index/a7a90372-740b-4b96-b492-5e6c4108e2ac
03.11.2024, 16:11:52 - GET - /update/a7a90372-740b-4b96-b492-5e6c4108e2ac
03.11.2024, 16:11:56 - POST - /update/a7a90372-740b-4b96-b492-5e6c4108e2ac
03.11.2024, 16:11:56 - GET - /index
03.11.2024, 16:12:01 - GET - /index/268b219c-0ff6-4029-88e4-6461f3f016a5
03.11.2024, 16:12:06 - GET - /update/a7a90372-740b-4b96-b492-5e6c4108e2ac
03.11.2024, 16:12:09 - GET - /update/268b219c-0ff6-4029-88e4-6461f3f016a5
11/3/2024, 2:04:47 PM - GET - /index
11/3/2024, 2:04:53 PM - GET - /index/1
11/3/2024, 2:04:56 PM - GET - /index/1
11/3/2024, 2:04:59 PM - GET - /index/1
11/3/2024, 2:04:59 PM - GET - /index/1
11/3/2024, 2:04:59 PM - GET - /index/1
11/3/2024, 2:04:59 PM - GET - /index/1
11/3/2024, 2:04:59 PM - GET - /index/1
11/3/2024, 2:04:59 PM - GET - /index/1
11/3/2024, 2:05:00 PM - GET - /index/1
11/3/2024, 2:05:01 PM - GET - /index/3
11/3/2024, 2:05:03 PM - GET - /index/3
11/3/2024, 2:05:03 PM - GET - /index/3
11/3/2024, 2:05:04 PM - GET - /index/3
11/3/2024, 2:05:04 PM - GET - /index/3
11/3/2024, 2:05:04 PM - GET - /index/3
11/3/2024, 2:05:04 PM - GET - /index/3
11/3/2024, 2:05:06 PM - GET - /index/3
11/3/2024, 2:05:10 PM - GET - /index/5
11/3/2024, 2:05:14 PM - GET - /index
11/3/2024, 2:05:15 PM - GET - /main
11/3/2024, 2:05:15 PM - GET - /index
03.11.2024, 17:35:50 - GET - /index
03.11.2024, 17:35:53 - GET - /index/1
03.11.2024, 17:35:56 - GET - /index/4
03.11.2024, 18:04:36 - GET - /index
03.11.2024, 18:04:39 - GET - /index/1
03.11.2024, 18:04:41 - GET - /error/402
03.11.2024, 18:04:46 - GET - /index/2
03.11.2024, 18:04:46 - GET - /index/1
03.11.2024, 18:04:48 - GET - /error/402
03.11.2024, 18:05:46 - GET - /index
03.11.2024, 18:06:27 - GET - /index/2
03.11.2024, 18:06:30 - GET - /error/402
03.11.2024, 18:07:19 - GET - /index
03.11.2024, 18:07:20 - GET - /index/4
03.11.2024, 18:09:34 - GET - /error/402
03.11.2024, 18:11:03 - GET - /index
03.11.2024, 18:11:05 - GET - /index/4
03.11.2024, 18:12:50 - GET - /index/
03.11.2024, 18:12:51 - GET - /index/4
03.11.2024, 18:14:51 - GET - /index
03.11.2024, 18:14:52 - GET - /index/4
11/3/2024, 3:29:12 PM - GET - /index
11/3/2024, 3:29:14 PM - GET - /index/2
11/3/2024, 3:29:16 PM - GET - /index/2
11/3/2024, 3:29:18 PM - GET - /index/2
11/3/2024, 3:29:20 PM - GET - /index/1
11/3/2024, 3:29:22 PM - GET - /index/1
11/3/2024, 3:29:24 PM - GET - /index/5
11/3/2024, 3:29:26 PM - GET - /update/3
11/3/2024, 3:29:30 PM - POST - /update/3
11/3/2024, 3:29:30 PM - GET - /index
11/3/2024, 3:29:32 PM - GET - /update/3
11/3/2024, 3:29:35 PM - POST - /update/3
11/3/2024, 3:29:35 PM - GET - /index
11/3/2024, 3:29:37 PM - GET - /create
11/3/2024, 3:29:41 PM - POST - /create
11/3/2024, 3:29:41 PM - GET - /index
11/3/2024, 3:29:43 PM - GET - /index/f03725ec-e43e-4269-91a8-4d7b3dcb7d44
11/3/2024, 3:29:45 PM - POST - /delete/f03725ec-e43e-4269-91a8-4d7b3dcb7d44
11/3/2024, 3:29:45 PM - GET - /index
11/3/2024, 3:29:48 PM - GET - /main
11/3/2024, 3:29:48 PM - GET - /index
11/3/2024, 3:29:52 PM - GET - /index1
11/3/2024, 3:29:56 PM - GET - /index/
11/3/2024, 3:30:00 PM - GET - /index/2
11/3/2024, 3:30:03 PM - GET - /index/
11/3/2024, 3:30:05 PM - GET - /index/555
11/3/2024, 3:30:05 PM - GET - /error/402
11/3/2024, 3:30:13 PM - GET - /main
11/3/2024, 3:31:36 PM - GET - /index
11/3/2024, 3:31:38 PM - GET - /index/1
11/3/2024, 3:31:41 PM - GET - /index/1
11/3/2024, 3:31:41 PM - GET - /index/1
11/3/2024, 3:31:41 PM - GET - /index/1
11/3/2024, 3:31:41 PM - GET - /index/1
11/3/2024, 3:31:41 PM - GET - /index/1
11/3/2024, 3:31:44 PM - GET - /create
11/3/2024, 3:31:48 PM - POST - /create
11/3/2024, 3:31:48 PM - GET - /index
11/3/2024, 3:31:50 PM - GET - /index/1402c533-7f14-4f1a-b9e0-021cc3120dbb
11/3/2024, 3:31:51 PM - GET - /index/1402c533-7f14-4f1a-b9e0-021cc3120dbb
11/3/2024, 3:31:51 PM - GET - /index/1402c533-7f14-4f1a-b9e0-021cc3120dbb
11/3/2024, 3:31:51 PM - GET - /index/1402c533-7f14-4f1a-b9e0-021cc3120dbb
11/3/2024, 3:31:53 PM - GET - /update/1402c533-7f14-4f1a-b9e0-021cc3120dbb
11/3/2024, 3:31:56 PM - POST - /delete/1402c533-7f14-4f1a-b9e0-021cc3120dbb
11/3/2024, 3:31:56 PM - GET - /index
11/3/2024, 3:31:59 PM - GET - /main
11/3/2024, 3:32:00 PM - GET - /index
11/3/2024, 5:36:01 PM - GET - /index
11/3/2024, 5:36:59 PM - GET - /index
11/3/2024, 5:37:01 PM - GET - /index
11/3/2024, 5:37:01 PM - GET - /index
04.11.2024, 11:04:11 - GET - /index
04.11.2024, 11:04:18 - GET - /index
04.11.2024, 11:04:19 - GET - /index
04.11.2024, 11:04:19 - GET - /main
04.11.2024, 11:04:20 - GET - /index
04.11.2024, 11:04:21 - GET - /index/1
04.11.2024, 11:04:23 - GET - /index
04.11.2024, 11:04:24 - GET - /index/1
04.11.2024, 11:04:26 - GET - /index
04.11.2024, 11:36:44 - GET - /index/1
04.11.2024, 11:36:47 - GET - /index/3
04.11.2024, 11:36:51 - GET - /update/2
04.11.2024, 11:39:25 - GET - /index/1
04.11.2024, 11:41:55 - GET - /index/1
04.11.2024, 11:43:44 - GET - /index/1
04.11.2024, 11:44:24 - GET - /index/1
04.11.2024, 11:45:02 - GET - /index
04.11.2024, 11:45:04 - GET - /index
04.11.2024, 11:45:07 - GET - /index
04.11.2024, 11:45:14 - GET - /index
04.11.2024, 11:47:40 - GET - /index
04.11.2024, 11:47:55 - GET - /index
04.11.2024, 11:48:12 - GET - /index
04.11.2024, 11:48:41 - GET - /index
04.11.2024, 11:48:43 - GET - /index
04.11.2024, 11:49:01 - GET - /index
04.11.2024, 11:49:23 - GET - /index
04.11.2024, 11:49:26 - GET - /index
04.11.2024, 11:50:03 - GET - /view/books/index
04.11.2024, 11:55:25 - GET - /
04.11.2024, 11:55:34 - GET - /main
04.11.2024, 11:55:36 - GET - /main
04.11.2024, 11:55:38 - GET - /index
04.11.2024, 11:58:10 - GET - /
04.11.2024, 11:58:11 - GET - /view/books/index
04.11.2024, 11:58:14 - GET - /
04.11.2024, 11:58:15 - GET - /view/books/index
04.11.2024, 11:58:19 - GET - /index/1
04.11.2024, 11:58:21 - GET - /create
04.11.2024, 12:03:54 - GET - /view/books/index
04.11.2024, 12:03:56 - GET - /view/books/index/1
04.11.2024, 12:04:08 - GET - /update/1
04.11.2024, 12:04:42 - GET - /update/1
04.11.2024, 12:04:45 - GET - /update/1
04.11.2024, 12:05:11 - GET - /view/books/index
04.11.2024, 12:05:12 - GET - /view/books/create
04.11.2024, 12:05:18 - POST - /view/books/create
04.11.2024, 12:05:18 - GET - /index
04.11.2024, 12:08:25 - GET - /
04.11.2024, 12:08:27 - GET - /index
04.11.2024, 12:08:31 - GET - /view/books/index
04.11.2024, 12:08:33 - GET - /view/books/index/d6f2e95f-d956-4e3b-bf7f-e4d9c562cdbc
04.11.2024, 12:08:35 - GET - /view/books/update/d6f2e95f-d956-4e3b-bf7f-e4d9c562cdbc
04.11.2024, 12:08:38 - POST - /view/books/update/d6f2e95f-d956-4e3b-bf7f-e4d9c562cdbc
04.11.2024, 12:08:38 - GET - /index
04.11.2024, 12:08:44 - POST - /delete/d6f2e95f-d956-4e3b-bf7f-e4d9c562cdbc
04.11.2024, 12:11:18 - GET - /view/books/index/view/books/index
04.11.2024, 12:11:27 - GET - /
04.11.2024, 12:11:29 - GET - /view/books/index
04.11.2024, 12:11:30 - GET - /view/books/index/d6f2e95f-d956-4e3b-bf7f-e4d9c562cdbc
04.11.2024, 12:11:32 - GET - /view/books/update/d6f2e95f-d956-4e3b-bf7f-e4d9c562cdbc
04.11.2024, 12:11:34 - POST - /view/books/update/d6f2e95f-d956-4e3b-bf7f-e4d9c562cdbc
04.11.2024, 12:11:34 - GET - /view/books/update/view/books/index
04.11.2024, 12:12:20 - GET - /
04.11.2024, 12:12:22 - GET - /view/books/index
04.11.2024, 12:12:28 - GET - /view/books/index/d6f2e95f-d956-4e3b-bf7f-e4d9c562cdbc
04.11.2024, 12:12:31 - GET - /view/books/update/d6f2e95f-d956-4e3b-bf7f-e4d9c562cdbc
04.11.2024, 12:12:36 - POST - /view/books/update/d6f2e95f-d956-4e3b-bf7f-e4d9c562cdbc
04.11.2024, 12:12:36 - GET - /view/books/update/view/books/index
04.11.2024, 12:13:36 - GET - /
04.11.2024, 12:13:38 - GET - /view/books/index
04.11.2024, 12:13:42 - GET - /view/books/update/d6f2e95f-d956-4e3b-bf7f-e4d9c562cdbc
04.11.2024, 12:13:51 - POST - /view/books/update/d6f2e95f-d956-4e3b-bf7f-e4d9c562cdbc
04.11.2024, 12:13:51 - GET - /view/books/update/view/books/index
04.11.2024, 12:14:28 - GET - /
04.11.2024, 12:14:30 - GET - /view/books/index
04.11.2024, 12:14:32 - GET - /view/books/update/d6f2e95f-d956-4e3b-bf7f-e4d9c562cdbc
04.11.2024, 12:14:37 - POST - /view/books/update/d6f2e95f-d956-4e3b-bf7f-e4d9c562cdbc
04.11.2024, 12:14:37 - GET - /
04.11.2024, 12:14:51 - GET - /view/books/index
04.11.2024, 12:14:53 - GET - /view/books/update/d6f2e95f-d956-4e3b-bf7f-e4d9c562cdbc
04.11.2024, 12:14:54 - POST - /view/books/update/d6f2e95f-d956-4e3b-bf7f-e4d9c562cdbc
04.11.2024, 12:14:54 - GET - /index
04.11.2024, 12:15:20 - GET - /
04.11.2024, 12:15:23 - GET - /view/books/index
04.11.2024, 12:15:29 - GET - /view/books/update/d6f2e95f-d956-4e3b-bf7f-e4d9c562cdbc
04.11.2024, 12:15:30 - POST - /view/books/update/d6f2e95f-d956-4e3b-bf7f-e4d9c562cdbc
04.11.2024, 12:15:30 - GET - /view/books/index
04.11.2024, 12:15:37 - GET - /view/books/index/d6f2e95f-d956-4e3b-bf7f-e4d9c562cdbc
04.11.2024, 12:15:39 - GET - /view/books/update/d6f2e95f-d956-4e3b-bf7f-e4d9c562cdbc
04.11.2024, 12:15:40 - POST - /view/books/update/d6f2e95f-d956-4e3b-bf7f-e4d9c562cdbc
04.11.2024, 12:15:40 - GET - /view/books/index
04.11.2024, 12:15:43 - GET - /view/books/create
04.11.2024, 12:15:48 - POST - /view/books/create
04.11.2024, 12:15:53 - GET - /
04.11.2024, 12:16:52 - GET - /view/books/index
04.11.2024, 12:16:54 - GET - /view/books/index/d6f2e95f-d956-4e3b-bf7f-e4d9c562cdbc
04.11.2024, 12:16:57 - POST - /delete/d6f2e95f-d956-4e3b-bf7f-e4d9c562cdbc
04.11.2024, 12:17:01 - GET - /view/books/update/d6f2e95f-d956-4e3b-bf7f-e4d9c562cdbc
04.11.2024, 12:17:02 - POST - /view/books/update/d6f2e95f-d956-4e3b-bf7f-e4d9c562cdbc
04.11.2024, 12:17:02 - GET - /view/books/index
04.11.2024, 12:17:04 - GET - /view/books/index/d6f2e95f-d956-4e3b-bf7f-e4d9c562cdbc
04.11.2024, 12:17:07 - GET - /view/books/update/d6f2e95f-d956-4e3b-bf7f-e4d9c562cdbc
04.11.2024, 12:17:08 - POST - /view/books/update/d6f2e95f-d956-4e3b-bf7f-e4d9c562cdbc
04.11.2024, 12:17:08 - GET - /view/books/index
04.11.2024, 12:17:10 - POST - /delete/d6f2e95f-d956-4e3b-bf7f-e4d9c562cdbc
04.11.2024, 12:17:18 - GET - /view/books/view/books/index
04.11.2024, 12:17:31 - GET - /view/books/index/d6f2e95f-d956-4e3b-bf7f-e4d9c562cdbc
04.11.2024, 12:17:36 - GET - /view/books/view/books/index
04.11.2024, 12:19:29 - GET - /view/books/view/books/index
04.11.2024, 12:19:34 - GET - /
04.11.2024, 12:19:36 - GET - /
04.11.2024, 12:19:37 - GET - /view/books/index
04.11.2024, 12:19:38 - GET - /view/books/index
04.11.2024, 12:19:39 - GET - /view/books/index
04.11.2024, 12:19:39 - GET - /view/books/index
04.11.2024, 12:19:41 - GET - /view/books/index/d6f2e95f-d956-4e3b-bf7f-e4d9c562cdbc
04.11.2024, 12:19:43 - GET - /view/books/index
04.11.2024, 12:19:46 - GET - /view/books/index/93f891a0-fbfe-4e36-9e8e-d96c904b6840
04.11.2024, 12:19:46 - GET - /view/books/index
04.11.2024, 12:19:47 - GET - /view/books/index
04.11.2024, 12:19:49 - GET - /
04.11.2024, 12:19:50 - GET - /view/books/index
04.11.2024, 12:19:53 - GET - /view/books/update/d6f2e95f-d956-4e3b-bf7f-e4d9c562cdbc
04.11.2024, 12:19:54 - GET - /view/books/index
04.11.2024, 12:19:55 - GET - /view/books/update/d6f2e95f-d956-4e3b-bf7f-e4d9c562cdbc
04.11.2024, 12:19:57 - POST - /view/books/update/d6f2e95f-d956-4e3b-bf7f-e4d9c562cdbc
04.11.2024, 12:19:57 - GET - /view/books/index
04.11.2024, 12:19:58 - GET - /view/books/update/d6f2e95f-d956-4e3b-bf7f-e4d9c562cdbc
04.11.2024, 12:20:01 - POST - /view/books/update/d6f2e95f-d956-4e3b-bf7f-e4d9c562cdbc
04.11.2024, 12:20:01 - GET - /view/books/index
04.11.2024, 12:20:03 - GET - /view/books/index/d6f2e95f-d956-4e3b-bf7f-e4d9c562cdbc
04.11.2024, 12:20:05 - GET - /view/books/update/d6f2e95f-d956-4e3b-bf7f-e4d9c562cdbc
04.11.2024, 12:20:08 - POST - /view/books/update/d6f2e95f-d956-4e3b-bf7f-e4d9c562cdbc
04.11.2024, 12:20:08 - GET - /view/books/index
04.11.2024, 12:20:11 - GET - /view/books/update/d6f2e95f-d956-4e3b-bf7f-e4d9c562cdbc
04.11.2024, 12:20:13 - POST - /view/books/update/d6f2e95f-d956-4e3b-bf7f-e4d9c562cdbc
04.11.2024, 12:20:13 - GET - /view/books/index
04.11.2024, 12:20:14 - GET - /view/books/index/d6f2e95f-d956-4e3b-bf7f-e4d9c562cdbc
04.11.2024, 12:20:16 - POST - /view/books/delete/d6f2e95f-d956-4e3b-bf7f-e4d9c562cdbc
04.11.2024, 12:20:16 - GET - /view/books/index
04.11.2024, 12:20:18 - POST - /view/books/delete/93f891a0-fbfe-4e36-9e8e-d96c904b6840
04.11.2024, 12:20:18 - GET - /view/books/index
04.11.2024, 12:25:28 - GET - /index
04.11.2024, 12:25:33 - GET - /view/books/index
04.11.2024, 12:25:34 - GET - /
04.11.2024, 12:25:35 - GET - /view/user/login
04.11.2024, 12:28:29 - GET - /view/user/login
04.11.2024, 12:34:20 - GET - /view/user/login
04.11.2024, 12:35:48 - GET - /view/user/login
04.11.2024, 12:38:20 - GET - /view/user/login
04.11.2024, 12:38:30 - GET - /view/books/index
04.11.2024, 12:38:31 - GET - /view/user/login
04.11.2024, 12:39:58 - GET - /view/books/index
04.11.2024, 12:39:58 - GET - /
04.11.2024, 12:40:00 - GET - /view/user/login
04.11.2024, 12:41:12 - GET - /
04.11.2024, 12:41:14 - GET - /view/user/login
04.11.2024, 13:08:11 - GET - /view/user/login
04.11.2024, 13:09:23 - GET - /
04.11.2024, 13:09:25 - GET - /view/books/index
04.11.2024, 13:09:26 - GET - /view/user/login
04.11.2024, 13:11:30 - GET - /
04.11.2024, 13:11:32 - GET - /view/books/index
04.11.2024, 13:11:33 - GET - /view/user/login
04.11.2024, 13:13:21 - GET - /view/user/login
04.11.2024, 13:14:02 - GET - /view/user/login
04.11.2024, 13:15:48 - GET - /view/user/login
04.11.2024, 13:16:10 - GET - /view/user/profile
04.11.2024, 13:16:10 - GET - /view
04.11.2024, 13:16:37 - GET - /view/user/login
04.11.2024, 13:18:01 - GET - /view/user/login
04.11.2024, 13:18:46 - GET - /view/user/login
04.11.2024, 13:26:42 - GET - /view/user/login
04.11.2024, 13:27:05 - GET - /view/user/login
04.11.2024, 13:30:49 - GET - /view/user/login
04.11.2024, 13:31:53 - GET - /view/user/login
04.11.2024, 13:32:12 - GET - /view/user/login
04.11.2024, 13:32:34 - GET - /view/user/login
04.11.2024, 14:00:27 - GET - /view/user/login
04.11.2024, 14:00:36 - GET - /view/user/profile
04.11.2024, 14:00:36 - GET - /view
04.11.2024, 14:01:29 - GET - /view/user/profile
04.11.2024, 14:01:29 - GET - /view
04.11.2024, 14:01:39 - GET - /view/user/profile
04.11.2024, 14:01:39 - GET - /view
04.11.2024, 14:02:36 - GET - /view/user/login
04.11.2024, 14:02:45 - GET - /profile
04.11.2024, 14:03:12 - GET - /view/user/login
04.11.2024, 14:03:16 - GET - /view/user/profile
04.11.2024, 14:03:16 - GET - /view
04.11.2024, 14:03:44 - GET - /view/user/login
04.11.2024, 14:03:48 - GET - /views/user/profile
04.11.2024, 14:05:11 - GET - /view/user/login
04.11.2024, 14:05:34 - GET - /view/user/profile
04.11.2024, 14:05:34 - GET - /view
04.11.2024, 14:06:21 - GET - /view/user/profile
04.11.2024, 14:06:22 - GET - /view
04.11.2024, 14:07:58 - GET - /view/user/login
04.11.2024, 14:08:06 - GET - /books/index
04.11.2024, 14:08:08 - GET - /
04.11.2024, 14:08:09 - GET - /view/books/index
04.11.2024, 14:08:26 - GET - /view/user/login
04.11.2024, 14:08:31 - GET - /view/books/index
04.11.2024, 14:08:35 - GET - /view/user/login
04.11.2024, 14:09:30 - GET - /view/books/index
04.11.2024, 14:09:32 - GET - /view/books/index
04.11.2024, 14:09:34 - GET - /view/user/login
04.11.2024, 14:09:41 - GET - /view/user/profile
04.11.2024, 14:09:41 - GET - /view
04.11.2024, 14:12:24 - GET - /
04.11.2024, 14:12:27 - GET - /view/books/index
04.11.2024, 14:12:27 - GET - /view/user/login
04.11.2024, 14:12:54 - GET - /view/user/profile
04.11.2024, 14:12:54 - GET - /view
04.11.2024, 14:13:57 - POST - /view/user/login
04.11.2024, 14:14:38 - POST - /view/user/login
04.11.2024, 14:17:59 - POST - /view/user/login
04.11.2024, 14:18:02 - GET - /view/user/login
04.11.2024, 14:18:09 - POST - /view/user/login
04.11.2024, 14:22:50 - GET - /
04.11.2024, 14:22:52 - GET - /view/books/index
04.11.2024, 14:22:53 - GET - /view/user/login
04.11.2024, 14:23:08 - POST - /view/user/login
04.11.2024, 14:23:11 - GET - /view/user/profile
04.11.2024, 14:23:23 - GET - /view/user/login
04.11.2024, 14:27:02 - POST - /view/user/login
04.11.2024, 14:27:05 - GET - /view/user/profile
04.11.2024, 14:27:35 - GET - /view/user/login
04.11.2024, 14:29:29 - POST - /view/user/login
04.11.2024, 14:30:35 - GET - /view/user/login
04.11.2024, 14:30:56 - GET - /
04.11.2024, 14:31:57 - GET - /view/user/login
04.11.2024, 14:35:48 - GET - /
04.11.2024, 14:35:50 - GET - /view/user/login
04.11.2024, 14:36:08 - GET - /view/user/login
04.11.2024, 14:41:41 - GET - /
04.11.2024, 14:42:47 - GET - /view/user/login
04.11.2024, 14:43:10 - POST - /view/user/login
04.11.2024, 14:45:28 - POST - /view/user/login
04.11.2024, 14:45:56 - GET - /view/user/login
04.11.2024, 14:46:59 - POST - /view/user/login
04.11.2024, 14:50:52 - GET - /
04.11.2024, 14:50:56 - GET - /view/user/login
04.11.2024, 14:51:46 - POST - /view/user/login
04.11.2024, 15:02:00 - GET - /
04.11.2024, 15:02:02 - GET - /view/user/login
04.11.2024, 15:11:16 - GET - /view/user/login
04.11.2024, 15:11:38 - POST - /view/user/login
04.11.2024, 15:11:38 - GET - /login
04.11.2024, 15:11:52 - POST - /view/user/login
04.11.2024, 15:11:52 - GET - /login
04.11.2024, 15:14:16 - GET - /login
04.11.2024, 15:14:21 - GET - /
04.11.2024, 15:14:22 - GET - /view/user/login
04.11.2024, 15:15:11 - POST - /view/user/login
04.11.2024, 15:15:11 - GET - /login
04.11.2024, 15:15:18 - GET - /view/user/profile
04.11.2024, 15:15:28 - GET - /view/user/login
04.11.2024, 15:15:56 - POST - /view/user/login
04.11.2024, 15:15:56 - GET - /login
04.11.2024, 15:19:38 - GET - /
04.11.2024, 15:19:40 - GET - /view/user/login
04.11.2024, 15:19:58 - POST - /view/user/login
04.11.2024, 15:20:40 - GET - /
04.11.2024, 15:20:42 - GET - /view/user/login
04.11.2024, 15:20:57 - POST - /view/user/login
04.11.2024, 15:23:52 - GET - /favicon.ico
04.11.2024, 15:23:52 - GET - /view/books/index
04.11.2024, 15:25:54 - GET - /view/user/login
04.11.2024, 15:26:18 - POST - /view/user/login
04.11.2024, 15:27:13 - POST - /view/user/login
04.11.2024, 15:27:16 - GET - /view/user/login
04.11.2024, 15:31:36 - GET - /
04.11.2024, 15:31:37 - GET - /view/user/login
04.11.2024, 15:39:36 - GET - /view/user/login
04.11.2024, 15:39:44 - GET - /
04.11.2024, 15:39:46 - GET - /view/user/login
04.11.2024, 15:40:17 - POST - /view/user/login
04.11.2024, 15:45:12 - POST - /view/user/login
04.11.2024, 15:53:15 - GET - /
04.11.2024, 15:53:16 - GET - /view/user/login
04.11.2024, 15:53:56 - POST - /view/user/login
04.11.2024, 15:56:02 - GET - /view/user/signup
04.11.2024, 16:05:38 - GET - /
04.11.2024, 16:05:40 - GET - /view/user/login
04.11.2024, 16:05:55 - GET - /view/user/login
04.11.2024, 16:05:57 - GET - /
04.11.2024, 16:08:19 - GET - /
04.11.2024, 16:09:08 - GET - /view/user/login
04.11.2024, 16:11:37 - GET - /
04.11.2024, 16:11:38 - GET - /view/user/login
04.11.2024, 16:14:54 - GET - /
04.11.2024, 16:14:58 - GET - /view/user/login
04.11.2024, 16:15:33 - GET - /view/user/profile
04.11.2024, 16:16:52 - GET - /view/user/login
04.11.2024, 16:17:16 - GET - /view/user/profile
04.11.2024, 16:17:22 - GET - /view/user/login
04.11.2024, 16:17:29 - GET - /view/user/profile
04.11.2024, 16:17:56 - GET - /view/user/login
04.11.2024, 16:18:18 - POST - /view/user/login
04.11.2024, 16:18:33 - GET - /view/user/signup
04.11.2024, 16:57:26 - GET - /
04.11.2024, 16:57:46 - GET - /view/user/login
04.11.2024, 16:59:55 - GET - /
04.11.2024, 16:59:57 - GET - /view/user/login
04.11.2024, 17:00:10 - POST - /view/user/login
04.11.2024, 17:00:39 - GET - /view/user/signup
04.11.2024, 17:02:04 - GET - /
04.11.2024, 17:02:06 - GET - /view/user/login
04.11.2024, 17:02:09 - POST - /view/user/login
04.11.2024, 17:02:26 - GET - /view/user/signup
04.11.2024, 17:07:50 - GET - /
04.11.2024, 17:07:51 - GET - /view/user/login
04.11.2024, 17:07:54 - POST - /view/user/login
04.11.2024, 17:08:27 - GET - /view/user/signup
04.11.2024, 17:16:29 - GET - /
04.11.2024, 17:16:30 - GET - /view/user/login
04.11.2024, 17:16:34 - POST - /view/user/login
04.11.2024, 17:18:51 - GET - /
04.11.2024, 17:18:52 - GET - /view/user/login
04.11.2024, 17:18:56 - POST - /view/user/login
04.11.2024, 17:19:43 - GET - /
04.11.2024, 17:19:45 - GET - /view/user/login
04.11.2024, 17:19:48 - POST - /view/user/login
04.11.2024, 17:19:52 - GET - /view/user/signup
04.11.2024, 17:20:04 - POST - /view/user/signup
04.11.2024, 17:23:04 - GET - /
04.11.2024, 17:23:23 - GET - /
04.11.2024, 17:23:24 - GET - /view/user/login
04.11.2024, 17:23:27 - POST - /view/user/login
04.11.2024, 17:23:35 - GET - /view/user/signup
04.11.2024, 17:27:10 - GET - /
04.11.2024, 17:27:12 - GET - /view/user/login
04.11.2024, 17:27:54 - GET - /
04.11.2024, 17:28:10 - GET - /view/user/login
04.11.2024, 17:28:44 - GET - /
04.11.2024, 17:28:46 - GET - /view/user/login
04.11.2024, 17:30:49 - GET - /
04.11.2024, 17:30:50 - GET - /view/user/login
04.11.2024, 17:31:32 - GET - /
04.11.2024, 17:31:33 - GET - /view/user/login
04.11.2024, 17:33:42 - GET - /
04.11.2024, 17:33:44 - GET - /view/user/login
04.11.2024, 17:33:47 - POST - /view/user/login
04.11.2024, 17:33:52 - GET - /view/user/signup
04.11.2024, 17:34:05 - POST - /view/user/signup
04.11.2024, 17:37:44 - GET - /
04.11.2024, 17:37:47 - GET - /view/user/login
04.11.2024, 17:37:51 - POST - /view/user/login
04.11.2024, 17:37:55 - GET - /view/user/signup
04.11.2024, 17:38:04 - POST - /view/user/signup
04.11.2024, 17:38:42 - GET - /view/user/login
04.11.2024, 17:39:20 - POST - /view/user/login
04.11.2024, 17:39:35 - GET - /view/user/signup
04.11.2024, 17:39:40 - GET - /view/user/login
04.11.2024, 17:43:11 - GET - /view/user/login
04.11.2024, 17:43:11 - GET - /view/user/login
04.11.2024, 17:47:52 - GET - /
04.11.2024, 17:47:54 - GET - /view/user/login
04.11.2024, 17:47:58 - POST - /view/user/login
04.11.2024, 17:50:08 - GET - /view/user/signup
04.11.2024, 17:50:24 - POST - /view/user/signup
04.11.2024, 17:54:11 - GET - /
04.11.2024, 17:54:13 - GET - /view/user/login
04.11.2024, 17:54:17 - POST - /view/user/login
04.11.2024, 18:25:49 - GET - /
04.11.2024, 18:25:51 - GET - /view/user/login
04.11.2024, 18:25:55 - POST - /view/user/login
04.11.2024, 18:28:14 - GET - /
04.11.2024, 18:28:30 - GET - /view/user/login
04.11.2024, 18:28:34 - POST - /view/user/login
04.11.2024, 18:30:03 - GET - /view/books/index
04.11.2024, 18:32:22 - GET - /view/user/login
04.11.2024, 18:33:11 - POST - /view/user/login
04.11.2024, 18:41:09 - GET - /view/user/login
04.11.2024, 18:45:21 - POST - /view/user/login
04.11.2024, 18:45:52 - GET - /
04.11.2024, 18:45:54 - GET - /view/user/login
04.11.2024, 18:45:56 - GET - /view/books/index
04.11.2024, 18:46:29 - GET - /view/user/login
04.11.2024, 18:46:32 - GET - /view/books/index
04.11.2024, 18:46:35 - GET - /view/user/login
04.11.2024, 18:46:49 - POST - /view/user/login
04.11.2024, 18:46:58 - GET - /view/books/index
04.11.2024, 18:47:24 - GET - /view/books/index/1
04.11.2024, 18:47:57 - GET - /
04.11.2024, 18:54:44 - GET - /view/user/login
04.11.2024, 18:54:48 - POST - /view/user/login
04.11.2024, 18:55:25 - GET - /view/books/index
04.11.2024, 19:05:57 - GET - /view/books/index
04.11.2024, 19:11:46 - GET - /
04.11.2024, 19:13:04 - GET - /
04.11.2024, 19:13:06 - GET - /
04.11.2024, 19:15:11 - GET - /
04.11.2024, 19:16:06 - GET - /
04.11.2024, 19:17:10 - GET - /
04.11.2024, 19:18:09 - GET - /
04.11.2024, 19:20:55 - GET - /
04.11.2024, 19:21:31 - GET - /
04.11.2024, 19:21:53 - GET - /
04.11.2024, 19:21:54 - GET - /
04.11.2024, 19:23:04 - GET - /
04.11.2024, 19:29:56 - GET - /
04.11.2024, 19:34:29 - GET - /
04.11.2024, 19:40:25 - GET - /
04.11.2024, 19:42:23 - GET - /
04.11.2024, 19:43:38 - GET - /
04.11.2024, 19:43:42 - GET - /view/user/profile
04.11.2024, 19:43:52 - GET - /view/user/login
04.11.2024, 19:44:06 - POST - /view/user/login
04.11.2024, 19:44:12 - GET - /view/books/index
04.11.2024, 19:44:18 - GET - /view/user/profile
04.11.2024, 19:45:49 - GET - /
04.11.2024, 19:45:50 - GET - /view/user/profile
04.11.2024, 19:45:57 - GET - /view/user/login
04.11.2024, 19:46:02 - POST - /view/user/login
04.11.2024, 19:46:08 - GET - /view/books/index
04.11.2024, 19:46:12 - GET - /view/user/profile
04.11.2024, 19:46:16 - GET - /view/user/profile
04.11.2024, 19:46:18 - GET - /view/books/index
04.11.2024, 19:46:19 - GET - /view/user/profile
04.11.2024, 19:46:20 - GET - /view/books/index
04.11.2024, 19:47:26 - GET - /view/books/index
04.11.2024, 19:47:34 - GET - /view/books/index
04.11.2024, 19:47:36 - GET - /view/books/index
04.11.2024, 19:47:37 - GET - /
04.11.2024, 19:47:39 - GET - /view/books/index
04.11.2024, 19:47:52 - GET - /
04.11.2024, 19:47:54 - GET - /view/books/index
04.11.2024, 19:47:55 - GET - /view/user/profile
04.11.2024, 19:50:05 - GET - /
04.11.2024, 19:50:10 - GET - /view/user/login
04.11.2024, 19:50:15 - POST - /view/user/login
04.11.2024, 19:50:23 - GET - /view/books/index
04.11.2024, 19:50:27 - GET - /
04.11.2024, 19:50:30 - GET - /view/books/index
04.11.2024, 19:50:31 - GET - /view/user/profile
04.11.2024, 19:51:39 - GET - /
04.11.2024, 19:51:40 - GET - /view/user/login
04.11.2024, 19:51:44 - POST - /view/user/login
04.11.2024, 19:51:54 - GET - /
04.11.2024, 19:51:56 - GET - /view/user/login
04.11.2024, 19:52:00 - POST - /view/user/login
04.11.2024, 19:52:13 - GET - /view/books/index
04.11.2024, 19:52:17 - GET - /view/user/profile
04.11.2024, 19:52:29 - POST - /view/user/profile
04.11.2024, 19:52:33 - GET - /
04.11.2024, 19:52:34 - GET - /view/user/profile
04.11.2024, 19:52:36 - GET - /view/books/index
04.11.2024, 19:52:37 - GET - /view/user/profile
04.11.2024, 19:53:55 - GET - /
04.11.2024, 19:54:02 - GET - /view/user/login
04.11.2024, 19:54:07 - POST - /view/user/login
04.11.2024, 19:54:07 - GET - /view/books/index
04.11.2024, 19:54:11 - GET - /view/books/index
04.11.2024, 19:54:12 - GET - /view/user/profile
04.11.2024, 19:54:16 - GET - /view/books/index
04.11.2024, 19:54:17 - GET - /view/user/profile
04.11.2024, 19:54:17 - GET - /
04.11.2024, 19:54:18 - GET - /view/user/profile
04.11.2024, 19:54:21 - GET - /
04.11.2024, 19:54:22 - GET - /
04.11.2024, 19:54:23 - GET - /view/user/profile
04.11.2024, 19:56:09 - GET - /view/user/profile
04.11.2024, 19:56:10 - GET - /view/user/profile
04.11.2024, 19:56:10 - GET - /view/user/profile
04.11.2024, 19:56:11 - GET - /view/user/profile
04.11.2024, 19:56:11 - GET - /view/user/profile
04.11.2024, 19:59:50 - GET - /
04.11.2024, 19:59:52 - GET - /view/user/profile
04.11.2024, 19:59:55 - GET - /view/user/profile
04.11.2024, 20:00:06 - GET - /
04.11.2024, 20:00:09 - GET - /view/user/login
04.11.2024, 20:00:12 - GET - /
04.11.2024, 20:00:16 - GET - /view/books/index
04.11.2024, 20:00:16 - GET - /view/user/login
04.11.2024, 20:00:17 - GET - /view/books/index
04.11.2024, 20:00:17 - GET - /view/user/login
04.11.2024, 20:00:17 - GET - /
04.11.2024, 20:00:18 - GET - /view/user/login
04.11.2024, 20:00:18 - GET - /view/books/index
04.11.2024, 20:00:18 - GET - /view/user/login
04.11.2024, 20:00:19 - GET - /
04.11.2024, 20:00:20 - GET - /view/user/login
04.11.2024, 20:00:21 - GET - /view/user/profile
04.11.2024, 20:00:21 - GET - /view/user/login
04.11.2024, 20:00:22 - GET - /view/books/index
04.11.2024, 20:00:22 - GET - /view/user/login
04.11.2024, 20:00:22 - GET - /view/user/profile
04.11.2024, 20:00:22 - GET - /view/user/login
04.11.2024, 20:00:23 - GET - /view/books/index
04.11.2024, 20:00:23 - GET - /view/user/login
04.11.2024, 20:00:23 - GET - /
04.11.2024, 20:00:27 - GET - /view/books/index
04.11.2024, 20:00:27 - GET - /view/user/login
04.11.2024, 20:00:28 - GET - /view/user/profile
04.11.2024, 20:00:28 - GET - /view/user/login
04.11.2024, 20:00:29 - GET - /view/books/index
04.11.2024, 20:00:29 - GET - /view/user/login
04.11.2024, 20:00:29 - GET - /view/user/profile
04.11.2024, 20:00:29 - GET - /view/user/login
04.11.2024, 20:00:30 - GET - /view/books/index
04.11.2024, 20:00:30 - GET - /view/user/login
04.11.2024, 20:00:38 - POST - /view/user/login
04.11.2024, 20:00:49 - POST - /view/user/login
04.11.2024, 20:00:49 - GET - /view/books/index
04.11.2024, 20:00:59 - GET - /view/books/index/2
04.11.2024, 20:01:09 - GET - /view/books/index/3
04.11.2024, 20:01:12 - GET - /view/user/profile
04.11.2024, 20:02:11 - GET - /
04.11.2024, 20:02:12 - GET - /view/user/login
04.11.2024, 20:02:17 - POST - /view/user/login
04.11.2024, 20:02:17 - GET - /view/books/index
04.11.2024, 20:02:18 - GET - /view/books/index/3
04.11.2024, 20:02:23 - GET - /view/user/profile
04.11.2024, 20:03:46 - GET - /view/user/profile
04.11.2024, 20:03:47 - GET - /view/user/profile
04.11.2024, 20:03:47 - GET - /view/books/index
04.11.2024, 20:03:48 - GET - /view/user/profile
04.11.2024, 20:03:49 - GET - /
04.11.2024, 20:03:50 - GET - /view/user/profile
04.11.2024, 20:03:51 - GET - /view/user/profile
04.11.2024, 20:03:51 - GET - /view/books/index
04.11.2024, 20:03:52 - GET - /view/user/profile
04.11.2024, 20:03:53 - GET - /view/user/profile
04.11.2024, 20:03:56 - GET - /
04.11.2024, 20:03:57 - GET - /view/user/profile
04.11.2024, 20:03:58 - GET - /view/user/profile
04.11.2024, 20:03:58 - GET - /view/books/index
04.11.2024, 20:03:59 - GET - /view/books/index
04.11.2024, 20:03:59 - GET - /view/books/index
04.11.2024, 20:04:00 - GET - /
04.11.2024, 20:04:00 - GET - /
04.11.2024, 20:04:00 - GET - /view/books/index
04.11.2024, 20:04:01 - GET - /
04.11.2024, 20:04:01 - GET - /view/user/profile
04.11.2024, 20:04:01 - GET - /view/user/profile
04.11.2024, 20:04:01 - GET - /view/user/profile
04.11.2024, 20:04:53 - GET - /view/user/profile
04.11.2024, 20:04:53 - GET - /view/user/login
04.11.2024, 20:07:23 - GET - /
04.11.2024, 20:07:24 - GET - /view/user/login
04.11.2024, 20:07:31 - POST - /view/user/login
04.11.2024, 20:07:31 - GET - /view/books/index
04.11.2024, 20:07:33 - GET - /view/user/profile
04.11.2024, 20:07:36 - GET - /view/user/login
04.11.2024, 20:07:41 - GET - /view/user/profile
04.11.2024, 20:07:42 - GET - /view/user/login
04.11.2024, 20:07:43 - GET - /view/user/profile
04.11.2024, 20:07:45 - GET - /view/user/login
04.11.2024, 20:07:49 - GET - /view/user/profile
04.11.2024, 20:07:51 - GET - /view/user/login
04.11.2024, 20:07:53 - GET - /
04.11.2024, 20:08:04 - GET - /
04.11.2024, 20:08:05 - GET - /view/user/login
04.11.2024, 20:08:07 - GET - /view/user/profile
04.11.2024, 20:08:07 - GET - /view/user/login
04.11.2024, 20:08:12 - GET - /view/user/profile
04.11.2024, 20:08:12 - GET - /view/user/login
04.11.2024, 20:08:15 - GET - /view/user/profile
04.11.2024, 20:08:15 - GET - /view/user/login
04.11.2024, 20:08:15 - GET - /view/user/profile
04.11.2024, 20:08:15 - GET - /view/user/login
04.11.2024, 20:08:16 - GET - /view/user/profile
04.11.2024, 20:08:16 - GET - /view/user/login
04.11.2024, 20:08:16 - GET - /view/user/profile
04.11.2024, 20:08:16 - GET - /view/user/login
04.11.2024, 20:08:16 - GET - /view/user/profile
04.11.2024, 20:08:16 - GET - /view/user/login
04.11.2024, 20:08:17 - GET - /view/user/profile
04.11.2024, 20:08:17 - GET - /view/user/login
04.11.2024, 20:08:20 - GET - /view/user/profile
04.11.2024, 20:08:20 - GET - /view/user/login
04.11.2024, 20:08:22 - GET - /view/user/profile
04.11.2024, 20:08:22 - GET - /view/user/login
04.11.2024, 20:08:23 - GET - /view/user/profile
04.11.2024, 20:08:23 - GET - /view/user/login
04.11.2024, 20:08:46 - GET - /view/user/profile
04.11.2024, 20:08:46 - GET - /view/user/login
04.11.2024, 20:08:47 - GET - /view/user/profile
04.11.2024, 20:08:47 - GET - /view/user/login
04.11.2024, 20:08:49 - POST - /view/user/login
04.11.2024, 20:08:53 - POST - /view/user/login
04.11.2024, 20:08:55 - GET - /view/user/profile
04.11.2024, 20:08:55 - GET - /view/user/login
04.11.2024, 20:08:56 - GET - /view/user/profile
04.11.2024, 20:08:56 - GET - /view/user/login
04.11.2024, 20:08:56 - GET - /view/user/profile
04.11.2024, 20:08:56 - GET - /view/user/login
04.11.2024, 20:08:57 - GET - /view/user/profile
04.11.2024, 20:08:57 - GET - /view/user/login
04.11.2024, 20:08:57 - GET - /view/user/profile
04.11.2024, 20:08:57 - GET - /view/user/login
04.11.2024, 20:09:03 - GET - /view/user/profile
04.11.2024, 20:09:03 - GET - /view/user/login
04.11.2024, 20:09:04 - GET - /view/user/profile
04.11.2024, 20:09:04 - GET - /view/user/login
04.11.2024, 20:09:04 - GET - /view/user/profile
04.11.2024, 20:09:04 - GET - /view/user/login
04.11.2024, 20:14:29 - GET - /view/user/login
04.11.2024, 20:14:31 - GET - /
04.11.2024, 20:14:31 - GET - /
04.11.2024, 20:14:32 - GET - /
04.11.2024, 20:14:33 - GET - /view/books/index
04.11.2024, 20:14:33 - GET - /view/user/login
04.11.2024, 20:14:34 - GET - /view/user/profile
04.11.2024, 20:14:34 - GET - /view/user/login
04.11.2024, 20:14:36 - GET - /view/user/profile
04.11.2024, 20:14:36 - GET - /view/user/login
04.11.2024, 20:14:36 - GET - /view/books/index
04.11.2024, 20:14:36 - GET - /view/user/login
04.11.2024, 20:14:36 - GET - /view/user/profile
04.11.2024, 20:14:36 - GET - /view/user/login
04.11.2024, 20:14:37 - GET - /view/user/profile
04.11.2024, 20:14:37 - GET - /view/user/login
04.11.2024, 20:14:37 - GET - /view/user/profile
04.11.2024, 20:14:37 - GET - /view/user/login
04.11.2024, 20:14:37 - GET - /view/user/profile
04.11.2024, 20:14:37 - GET - /view/user/login
04.11.2024, 20:17:49 - GET - /
04.11.2024, 20:17:51 - GET - /
04.11.2024, 20:17:51 - GET - /view/books/index
04.11.2024, 20:17:51 - GET - /view/user/login
04.11.2024, 20:18:52 - GET - /
04.11.2024, 20:18:53 - GET - /view/books/index
04.11.2024, 20:18:53 - GET - /view/user/login
04.11.2024, 20:18:55 - GET - /
04.11.2024, 20:18:55 - GET - /view/user/login
04.11.2024, 20:18:57 - GET - /view/books/index
04.11.2024, 20:18:57 - GET - /view/user/login
04.11.2024, 20:18:58 - GET - /view/user/profile
04.11.2024, 20:18:58 - GET - /view/user/login
04.11.2024, 20:18:59 - GET - /
04.11.2024, 20:18:59 - GET - /view/books/index
04.11.2024, 20:18:59 - GET - /view/user/login
04.11.2024, 20:19:00 - GET - /view/user/profile
04.11.2024, 20:19:00 - GET - /view/user/login
04.11.2024, 20:19:01 - GET - /view/books/index
04.11.2024, 20:19:01 - GET - /view/user/login
04.11.2024, 20:19:02 - GET - /view/user/profile
04.11.2024, 20:19:02 - GET - /view/user/login
04.11.2024, 20:19:04 - GET - /view/books/index
04.11.2024, 20:19:04 - GET - /view/user/login
04.11.2024, 20:19:05 - GET - /
04.11.2024, 20:19:06 - GET - /view/user/login
04.11.2024, 20:19:17 - GET - /view/books/index
04.11.2024, 20:19:17 - GET - /view/user/login
04.11.2024, 20:19:17 - GET - /view/user/profile
04.11.2024, 20:19:17 - GET - /view/user/login
04.11.2024, 20:19:19 - GET - /
04.11.2024, 20:19:19 - GET - /view/books/index
04.11.2024, 20:19:19 - GET - /view/user/login
04.11.2024, 20:19:23 - GET - /
04.11.2024, 20:19:23 - GET - /view/user/login
04.11.2024, 20:19:38 - GET - /view/books/index
04.11.2024, 20:19:38 - GET - /view/user/login
04.11.2024, 20:19:38 - GET - /
04.11.2024, 20:19:39 - GET - /view/user/login
04.11.2024, 20:20:09 - GET - /
04.11.2024, 20:20:11 - GET - /view/books/index
04.11.2024, 20:20:11 - GET - /view/user/login
04.11.2024, 20:22:47 - GET - /
04.11.2024, 20:22:48 - GET - /view/user/login
04.11.2024, 20:22:51 - GET - /
04.11.2024, 20:22:52 - GET - /view/books/index
04.11.2024, 20:22:52 - GET - /view/user/login
04.11.2024, 20:22:53 - GET - /
04.11.2024, 20:23:49 - GET - /view/user/login
04.11.2024, 20:26:27 - GET - /
04.11.2024, 20:26:52 - GET - /
04.11.2024, 20:26:53 - GET - /
04.11.2024, 20:31:29 - GET - /
04.11.2024, 20:31:30 - GET - /view/user/login
04.11.2024, 20:31:40 - GET - /view/user/profile
04.11.2024, 20:31:40 - GET - /view/user/login
04.11.2024, 20:32:21 - GET - /view/user/profile
04.11.2024, 20:32:21 - GET - /view/user/login
04.11.2024, 20:33:03 - GET - /view/user/profile
04.11.2024, 20:33:03 - GET - /view/user/login
04.11.2024, 20:33:15 - POST - /view/user/login
04.11.2024, 20:33:22 - GET - /view/user/profile
04.11.2024, 20:33:22 - GET - /view/user/login
04.11.2024, 20:33:26 - GET - /view/books/index
04.11.2024, 20:33:26 - GET - /view/user/login
04.11.2024, 20:33:33 - POST - /view/user/login
04.11.2024, 20:33:33 - GET - /view/books/index
04.11.2024, 20:33:36 - GET - /view/user/profile
04.11.2024, 20:33:49 - GET - /view/user/logout
04.11.2024, 20:33:55 - GET - /view
04.11.2024, 20:38:29 - GET - /
04.11.2024, 20:38:30 - GET - /view/user/login
04.11.2024, 20:38:37 - GET - /views/user/profile
04.11.2024, 20:38:43 - GET - /view/user/profile
04.11.2024, 20:38:43 - GET - /view/user/login
04.11.2024, 20:40:29 - GET - /
04.11.2024, 20:40:31 - GET - /view/books/index
04.11.2024, 20:40:31 - GET - /view/user/login
04.11.2024, 20:40:47 - GET - /view/user/profile
04.11.2024, 20:40:47 - GET - /view/user/login
04.11.2024, 20:43:26 - GET - /
04.11.2024, 20:43:28 - GET - /view/user/login
04.11.2024, 20:43:54 - GET - /view/user/profile
04.11.2024, 20:43:54 - GET - /view/user/login
04.11.2024, 20:50:18 - GET - /
04.11.2024, 20:50:20 - GET - /view/books/index
04.11.2024, 20:50:20 - GET - /view/user/login
04.11.2024, 20:58:47 - GET - /
04.11.2024, 20:58:48 - GET - /view/books/index
04.11.2024, 20:58:48 - GET - /view/user/login
04.11.2024, 20:58:59 - GET - /view/user/profile
04.11.2024, 20:58:59 - GET - /view/user/login
04.11.2024, 20:59:07 - GET - /view/user/signup
04.11.2024, 20:59:34 - GET - /
04.11.2024, 20:59:36 - GET - /view/user/login
04.11.2024, 20:59:42 - GET - /view/user/signup
04.11.2024, 20:59:53 - GET - /view/user/logout
04.11.2024, 20:59:53 - GET - /view/user/login
04.11.2024, 21:00:50 - GET - /view/user/profile
04.11.2024, 21:00:50 - GET - /view/user/login
04.11.2024, 21:01:06 - GET - /view/books/index
04.11.2024, 21:01:06 - GET - /view/user/login
04.11.2024, 21:05:50 - GET - /
04.11.2024, 21:06:03 - GET - /
04.11.2024, 21:06:03 - GET - /view/books/index
04.11.2024, 21:06:03 - GET - /view/user/login
04.11.2024, 21:06:10 - GET - /view/user/profile
04.11.2024, 21:06:10 - GET - /view/user/login
04.11.2024, 21:07:10 - GET - /
04.11.2024, 21:07:11 - GET - /view/user/login
04.11.2024, 21:13:55 - GET - /
04.11.2024, 21:13:57 - GET - /view/user/login
04.11.2024, 21:17:44 - GET - /
04.11.2024, 21:17:45 - GET - /view/user/login
04.11.2024, 21:18:52 - GET - /
04.11.2024, 21:18:53 - GET - /view/user/login
04.11.2024, 21:19:10 - POST - /view/user/login
04.11.2024, 21:19:40 - GET - /view/books/index
04.11.2024, 21:19:52 - GET - /view/user/profile
04.11.2024, 21:20:15 - GET - /view/user/logout
04.11.2024, 21:20:23 - GET - /view/user/login
04.11.2024, 21:20:37 - GET - /view/books/index
04.11.2024, 21:20:37 - GET - /view/user/login
04.11.2024, 21:20:42 - GET - /view/user/login
04.11.2024, 21:20:50 - GET - /view/user/signup
04.11.2024, 21:22:05 - GET - /
04.11.2024, 21:22:07 - GET - /view/books/index
04.11.2024, 21:22:07 - GET - /view/user/login
04.11.2024, 21:22:18 - POST - /view/user/login
04.11.2024, 21:22:21 - GET - /view/user/signup
04.11.2024, 21:22:39 - GET - /view/user/profile
04.11.2024, 21:22:39 - GET - /view/user/login
04.11.2024, 21:23:28 - GET - /view/user/login
04.11.2024, 21:23:32 - GET - /
04.11.2024, 21:23:34 - GET - /
04.11.2024, 21:23:36 - GET - /view/user/login
04.11.2024, 21:25:16 - GET - /view/user/signup
04.11.2024, 21:25:31 - POST - /view/user/signup
04.11.2024, 21:26:12 - POST - /view/user/login
04.11.2024, 21:26:17 - GET - /view/books/index
04.11.2024, 21:26:26 - GET - /view/user/profile
04.11.2024, 21:26:52 - GET - /
04.11.2024, 21:26:54 - GET - /view/user/profile
04.11.2024, 21:29:08 - GET - /
04.11.2024, 21:29:09 - GET - /view/user/login
04.11.2024, 21:29:20 - POST - /view/user/login
04.11.2024, 21:29:24 - GET - /view/books/index
04.11.2024, 21:29:27 - GET - /view/user/profile
04.11.2024, 21:29:43 - GET - /view/user/logout
04.11.2024, 21:29:48 - GET - /view/user/login
04.11.2024, 21:36:31 - GET - /view/user/login
04.11.2024, 21:36:32 - GET - /view/books/index
04.11.2024, 21:36:32 - GET - /view/user/login
04.11.2024, 21:36:32 - GET - /
04.11.2024, 21:36:33 - GET - /view/user/login
04.11.2024, 21:36:40 - POST - /view/user/login
04.11.2024, 21:36:40 - GET - /view/books/index
04.11.2024, 21:36:41 - GET - /view/user/profile
04.11.2024, 21:38:07 - GET - /view/user/profile
04.11.2024, 21:38:07 - GET - /view/user/login
04.11.2024, 21:38:15 - GET - /
04.11.2024, 21:38:17 - GET - /view/user/login
04.11.2024, 21:38:22 - POST - /view/user/login
04.11.2024, 21:38:22 - GET - /view/books/index
04.11.2024, 21:38:24 - GET - /view/user/profile
04.11.2024, 21:43:21 - GET - /view/user/profile
04.11.2024, 21:43:32 - GET - /view/user/profile
04.11.2024, 21:43:49 - GET - /view/user/logout
04.11.2024, 21:43:52 - GET - /view/user/login
04.11.2024, 21:43:59 - GET - /view/books/index
04.11.2024, 21:43:59 - GET - /view/user/login
04.11.2024, 21:44:31 - POST - /view/user/login
04.11.2024, 21:45:32 - GET - /
04.11.2024, 21:45:34 - GET - /
04.11.2024, 21:45:35 - GET - /view/books/index
04.11.2024, 21:46:11 - GET - /view/user/login
04.11.2024, 21:59:01 - POST - /view/user/login
04.11.2024, 22:10:52 - GET - /
04.11.2024, 22:10:53 - GET - /view/books/index
04.11.2024, 22:11:30 - GET - /view/user/login
04.11.2024, 22:11:35 - GET - /view/books/index
04.11.2024, 22:11:40 - GET - /view/user/login
04.11.2024, 22:11:42 - GET - /view/user/login
04.11.2024, 22:11:44 - POST - /view/user/login
04.11.2024, 22:12:20 - GET - /view/user/signup
04.11.2024, 22:12:29 - GET - /view/user/signup
04.11.2024, 22:12:34 - GET - /view/user/signup
04.11.2024, 22:13:11 - GET - /view/user/signup
04.11.2024, 22:13:17 - GET - /view/user/login
04.11.2024, 22:13:30 - GET - /view/user/signup
04.11.2024, 22:13:31 - POST - /view/user/signup
04.11.2024, 22:15:26 - GET - /view/user/signup
04.11.2024, 22:15:27 - POST - /view/user/signup
04.11.2024, 22:16:44 - POST - /view/user/signup
04.11.2024, 22:16:58 - GET - /view/books/index
04.11.2024, 22:17:00 - GET - /view/user/login
04.11.2024, 22:17:08 - GET - /view/user/login
04.11.2024, 22:17:13 - POST - /view/user/login
04.11.2024, 22:17:35 - POST - /view/user/login
04.11.2024, 22:17:42 - POST - /view/user/login
04.11.2024, 22:17:47 - POST - /view/user/login
04.11.2024, 22:17:51 - POST - /view/user/login
04.11.2024, 22:21:54 - POST - /view/user/login
04.11.2024, 22:21:57 - GET - /
04.11.2024, 22:21:58 - GET - /view/user/login
04.11.2024, 22:22:05 - POST - /view/user/login
04.11.2024, 22:22:09 - POST - /view/user/login
04.11.2024, 22:22:12 - GET - /view/books/index
04.11.2024, 22:22:21 - GET - /view/user/profile
04.11.2024, 22:22:34 - GET - /view/user/profile
04.11.2024, 22:22:42 - GET - /view/user/logout
04.11.2024, 22:22:54 - GET - /view/user/login
04.11.2024, 22:23:18 - POST - /view/user/login
04.11.2024, 22:23:21 - GET - /view/books/index
04.11.2024, 22:23:32 - GET - /view/user/profile
04.11.2024, 22:23:39 - GET - /view/user/logout
04.11.2024, 22:23:56 - GET - /view/user/login
04.11.2024, 22:24:29 - GET - /
04.11.2024, 22:24:31 - GET - /view/user/login
04.11.2024, 22:24:38 - POST - /view/user/login
04.11.2024, 22:24:40 - GET - /view/books/index
04.11.2024, 22:24:44 - GET - /view/user/profile
04.11.2024, 22:24:53 - GET - /view/user/logout
04.11.2024, 22:25:02 - GET - /view/user/login
04.11.2024, 22:25:11 - POST - /view/user/login
04.11.2024, 22:25:15 - POST - /view/user/login
04.11.2024, 22:25:38 - GET - /
04.11.2024, 22:25:39 - GET - /view/user/login
04.11.2024, 22:25:47 - POST - /view/user/login
04.11.2024, 22:27:01 - GET - /
04.11.2024, 22:27:02 - GET - /view/books/index
04.11.2024, 22:27:05 - GET - /view/user/login
04.11.2024, 22:27:15 - POST - /view/user/login
04.11.2024, 22:27:15 - GET - /login
04.11.2024, 22:27:26 - POST - /view/user/login
04.11.2024, 22:27:26 - GET - /login
04.11.2024, 22:28:27 - GET - /
04.11.2024, 22:28:28 - GET - /view/user/login
04.11.2024, 22:28:35 - POST - /view/user/login
04.11.2024, 22:28:35 - GET - /view/user/user/login
04.11.2024, 22:29:00 - GET - /
04.11.2024, 22:29:01 - GET - /view/user/login
04.11.2024, 22:29:08 - POST - /view/user/login
04.11.2024, 22:29:08 - GET - /view/user/login
04.11.2024, 22:33:08 - GET - /
04.11.2024, 22:33:09 - GET - /view/user/login
04.11.2024, 22:35:02 - GET - /view/user/login
04.11.2024, 22:37:12 - GET - /view/user/login
04.11.2024, 22:37:12 - GET - /
04.11.2024, 22:37:24 - POST - /view/user/login
04.11.2024, 22:37:24 - GET - /view/user/login
04.11.2024, 22:41:28 - GET - /
04.11.2024, 22:41:29 - GET - /view/user/login
04.11.2024, 22:41:42 - POST - /view/user/login
04.11.2024, 22:43:04 - GET - /view/user/login
04.11.2024, 22:52:34 - POST - /view/user/login
04.11.2024, 22:53:23 - GET - /
04.11.2024, 22:53:23 - GET - /
04.11.2024, 22:53:24 - GET - /view/user/login
04.11.2024, 22:53:31 - POST - /view/user/login
04.11.2024, 22:54:08 - GET - /
04.11.2024, 22:54:08 - GET - /
04.11.2024, 22:54:10 - GET - /view/user/login
04.11.2024, 22:54:16 - POST - /view/user/login
04.11.2024, 22:57:44 - GET - /
04.11.2024, 22:57:45 - GET - /view/user/login
04.11.2024, 23:03:56 - GET - /
04.11.2024, 23:03:57 - GET - /view/user/login
04.11.2024, 23:12:31 - GET - /
04.11.2024, 23:12:33 - GET - /view/user/login
04.11.2024, 23:12:41 - POST - /view/user/login
04.11.2024, 23:12:57 - GET - /signin
04.11.2024, 23:13:10 - GET - /
04.11.2024, 23:14:09 - GET - /view/user/login
04.11.2024, 23:14:20 - POST - /view/user/login
04.11.2024, 23:14:28 - GET - /signin
04.11.2024, 23:15:16 - POST - /view/user/login
04.11.2024, 23:15:21 - GET - /signin
04.11.2024, 23:15:26 - GET - /
04.11.2024, 23:16:25 - GET - /view/user/login
04.11.2024, 23:16:28 - GET - /
04.11.2024, 23:16:31 - GET - /view/user/login
04.11.2024, 23:16:42 - POST - /view/user/login
04.11.2024, 23:16:42 - GET - /view/user/login
04.11.2024, 23:17:31 - GET - /
04.11.2024, 23:17:32 - GET - /view/user/login
04.11.2024, 23:17:41 - POST - /view/user/login
04.11.2024, 23:17:41 - GET - /view/user/login
04.11.2024, 23:18:20 - POST - /view/user/login
04.11.2024, 23:18:20 - GET - /view/user/login
04.11.2024, 23:18:33 - POST - /view/user/login
04.11.2024, 23:18:33 - GET - /view/user/login
04.11.2024, 23:18:42 - GET - /view/user/signup
04.11.2024, 23:18:44 - POST - /view/user/signup
04.11.2024, 23:18:59 - GET - /view/user/login
04.11.2024, 23:24:25 - GET - /
04.11.2024, 23:24:27 - GET - /view/user/login
04.11.2024, 23:24:39 - POST - /view/user/login
04.11.2024, 23:24:39 - GET - /view/user/login
04.11.2024, 23:25:13 - POST - /view/user/login
04.11.2024, 23:25:13 - GET - /view/user/login
04.11.2024, 23:26:02 - POST - /view/user/login
04.11.2024, 23:26:52 - GET - /
04.11.2024, 23:26:54 - GET - /view/user/login
04.11.2024, 23:27:02 - GET - /
04.11.2024, 23:27:03 - GET - /view/user/login
04.11.2024, 23:27:09 - POST - /view/user/login
04.11.2024, 23:27:37 - GET - /
04.11.2024, 23:27:40 - GET - /view/user/login
04.11.2024, 23:27:47 - POST - /view/user/login
04.11.2024, 23:35:35 - GET - /
04.11.2024, 23:35:36 - GET - /view/user/login
04.11.2024, 23:35:50 - POST - /view/user/login
04.11.2024, 23:36:35 - GET - /
04.11.2024, 23:37:03 - GET - /view/user/login
04.11.2024, 23:37:09 - POST - /view/user/login
04.11.2024, 23:37:12 - GET - /view/user/login
04.11.2024, 23:38:28 - POST - /view/user/login
04.11.2024, 23:40:33 - GET - /
04.11.2024, 23:40:35 - GET - /view/user/login
04.11.2024, 23:40:43 - POST - /view/user/login
04.11.2024, 23:40:46 - GET - /view/user/login
04.11.2024, 23:41:07 - POST - /view/user/login
04.11.2024, 23:42:10 - GET - /
04.11.2024, 23:42:12 - GET - /view/user/login
04.11.2024, 23:42:19 - POST - /view/user/login
04.11.2024, 23:42:24 - GET - /view/user/login
04.11.2024, 23:42:37 - POST - /view/user/login
04.11.2024, 23:43:46 - GET - /
04.11.2024, 23:43:47 - GET - /view/user/login
04.11.2024, 23:44:03 - POST - /view/user/login
04.11.2024, 23:44:18 - GET - /view/books/index
04.11.2024, 23:44:30 - GET - /view/user/profile
04.11.2024, 23:44:50 - GET - /view/user/logout
04.11.2024, 23:45:00 - GET - /view/user/login
04.11.2024, 23:45:03 - GET - /view/user/login
04.11.2024, 23:45:09 - POST - /view/user/login
04.11.2024, 23:45:15 - GET - /view/books/index
04.11.2024, 23:45:18 - GET - /view/books/index/1
04.11.2024, 23:47:19 - GET - /
04.11.2024, 23:47:20 - GET - /view/user/login
04.11.2024, 23:47:23 - POST - /view/user/login
04.11.2024, 23:47:29 - GET - /view/books/index
04.11.2024, 23:47:33 - GET - /view/books/index/1
04.11.2024, 23:47:40 - GET - /view/books/update/1
04.11.2024, 23:47:45 - GET - /view/books/index
04.11.2024, 23:47:52 - GET - /view/books/update/2
04.11.2024, 23:48:00 - POST - /view/books/update/2
04.11.2024, 23:48:03 - GET - /view/books/index
04.11.2024, 23:48:09 - GET - /view/books/update/2
04.11.2024, 23:48:17 - POST - /view/books/update/2
04.11.2024, 23:48:19 - GET - /view/books/index
04.11.2024, 23:48:24 - GET - /view/user/profile
04.11.2024, 23:48:31 - GET - /view/user/logout
04.11.2024, 23:48:34 - GET - /view/user/login
04.11.2024, 23:48:50 - POST - /view/user/login
04.11.2024, 23:48:56 - GET - /view/user/login
04.11.2024, 23:49:51 - GET - /view/user/signup
04.11.2024, 23:49:59 - POST - /view/user/signup
04.11.2024, 23:50:04 - GET - /view/user/profile
04.11.2024, 23:50:06 - GET - /view/user/login
04.11.2024, 23:50:27 - POST - /view/user/login
04.11.2024, 23:50:31 - GET - /view/books/index
04.11.2024, 23:50:44 - POST - /view/books/delete/1
04.11.2024, 23:50:46 - GET - /view/books/index
04.11.2024, 23:50:50 - GET - /view/user/profile
05.11.2024, 00:02:04 - GET - /
05.11.2024, 00:02:04 - GET - /view/books/index
05.11.2024, 00:02:13 - GET - /view/user/login
05.11.2024, 00:02:20 - POST - /view/user/login
05.11.2024, 00:02:20 - GET - /view/user/login
05.11.2024, 00:02:24 - POST - /view/user/login
05.11.2024, 00:02:24 - GET - /view/user/login
05.11.2024, 00:02:26 - POST - /view/user/login
05.11.2024, 00:02:26 - GET - /view/books/index
05.11.2024, 00:02:28 - GET - /view/books/index/2
05.11.2024, 00:02:30 - GET - /view/books/update/2
05.11.2024, 00:02:37 - GET - /view/books/update/2
05.11.2024, 00:02:41 - GET - /view/books/index/2
05.11.2024, 00:02:42 - GET - /view/books/index/2
05.11.2024, 00:02:42 - GET - /view/books/index/2
05.11.2024, 00:02:42 - GET - /view/books/index/2
05.11.2024, 00:02:52 - POST - /view/books/delete/2
05.11.2024, 00:02:52 - GET - /view/books/index
05.11.2024, 00:02:56 - GET - /view/books/create
05.11.2024, 00:03:00 - POST - /view/books/create
05.11.2024, 00:03:06 - GET - /view/books/index
05.11.2024, 00:03:09 - GET - /view/books/index/942ff302-8ee1-4a31-adb5-5243ade84c2d
05.11.2024, 00:03:11 - GET - /view/books/index/942ff302-8ee1-4a31-adb5-5243ade84c2d
05.11.2024, 00:03:11 - GET - /view/books/index/942ff302-8ee1-4a31-adb5-5243ade84c2d
05.11.2024, 00:03:11 - GET - /view/books/index/942ff302-8ee1-4a31-adb5-5243ade84c2d
05.11.2024, 00:03:12 - POST - /view/books/delete/942ff302-8ee1-4a31-adb5-5243ade84c2d
05.11.2024, 00:03:12 - GET - /view/books/index
05.11.2024, 00:03:15 - GET - /view/books/index
05.11.2024, 00:03:16 - GET - /
05.11.2024, 00:03:17 - GET - /view/books/index
05.11.2024, 00:03:18 - GET - /view/user/profile
05.11.2024, 00:03:20 - GET - /view/user/logout
05.11.2024, 00:03:20 - GET - /view/user/login
05.11.2024, 00:03:23 - GET - /view/user/signup
05.11.2024, 00:03:28 - POST - /view/user/signup
05.11.2024, 00:03:28 - GET - /view/user/profile
05.11.2024, 00:03:28 - GET - /view/user/login
05.11.2024, 00:03:33 - POST - /view/user/login
05.11.2024, 00:03:33 - GET - /view/books/index
05.11.2024, 00:03:35 - GET - /view/user/profile
05.11.2024, 00:03:36 - GET - /view/user/logout
05.11.2024, 00:03:36 - GET - /view/user/login
05.11.2024, 00:03:47 - GET - /
05.11.2024, 00:03:47 - GET - /
