12/2/2024, 3:00:34 AM - GET - /
12/2/2024, 3:00:35 AM - GET - /view/user/login
12/2/2024, 3:00:44 AM - POST - /view/user/login
12/2/2024, 3:00:56 AM - POST - /view/user/login
12/2/2024, 3:01:00 AM - GET - /view/user/signup
12/2/2024, 3:01:10 AM - POST - /view/user/signup
12/2/2024, 3:01:10 AM - GET - /view/user/profile
12/2/2024, 3:01:17 AM - GET - /
12/2/2024, 3:01:20 AM - GET - /view/books/index
12/2/2024, 3:01:20 AM - GET - /view/user/login
12/2/2024, 3:01:31 AM - POST - /view/user/login
12/2/2024, 3:01:31 AM - GET - /view/books/index
12/2/2024, 3:01:32 AM - GET - /view/books/index/1
12/2/2024, 3:01:40 AM - GET - /view/books/index/3
02.12.2024, 06:03:16 - GET - /
02.12.2024, 06:03:17 - GET - /
02.12.2024, 06:03:18 - GET - /view/user/login
02.12.2024, 06:03:27 - POST - /view/user/login
02.12.2024, 06:03:27 - GET - /view/books/index
02.12.2024, 06:03:28 - GET - /view/books/index/1
02.12.2024, 06:04:07 - GET - /view/books/index/1
02.12.2024, 06:04:07 - GET - /view/user/login
02.12.2024, 06:04:15 - POST - /view/user/login
02.12.2024, 06:04:15 - GET - /view/books/index
02.12.2024, 06:04:17 - GET - /view/books/index/2
02.12.2024, 06:05:27 - GET - /error/402
02.12.2024, 06:08:14 - GET - /
02.12.2024, 06:08:14 - GET - /
02.12.2024, 06:08:16 - GET - /view/user/login
02.12.2024, 06:08:23 - POST - /view/user/login
02.12.2024, 06:08:23 - GET - /view/books/index
02.12.2024, 06:08:25 - GET - /view/books/index/1
02.12.2024, 06:08:31 - GET - /error/402
12/2/2024, 3:11:03 AM - GET - /
12/2/2024, 3:11:05 AM - GET - /view/user/login
12/2/2024, 3:11:12 AM - POST - /view/user/login
12/2/2024, 3:11:12 AM - GET - /view/books/index
12/2/2024, 3:11:14 AM - GET - /view/books/index/2
12/2/2024, 3:11:25 AM - GET - /view/books/update/2
12/2/2024, 3:11:27 AM - POST - /view/books/update/2
12/2/2024, 3:11:27 AM - GET - /view/books/index
12/2/2024, 3:11:31 AM - GET - /view/books/index/2
12/2/2024, 3:11:37 AM - GET - /view/books/update/2
12/2/2024, 3:11:41 AM - POST - /view/books/update/2
12/2/2024, 3:11:41 AM - GET - /view/books/index
12/2/2024, 3:11:44 AM - GET - /view/books/index/2
12/2/2024, 3:11:46 AM - GET - /view/books/update/2
12/2/2024, 3:11:50 AM - POST - /view/books/update/2
12/2/2024, 3:11:50 AM - GET - /view/books/index
12/2/2024, 3:11:52 AM - GET - /view/books/index/2
12/2/2024, 3:12:04 AM - GET - /view/user/profile
12/2/2024, 3:12:07 AM - GET - /view/user/profile
12/2/2024, 3:12:10 AM - GET - /view/books/index
12/2/2024, 3:12:13 AM - GET - /
12/2/2024, 3:12:14 AM - GET - /view/books/index
12/2/2024, 3:12:15 AM - GET - /view/user/profile
12/2/2024, 3:20:47 AM - GET - /
12/2/2024, 3:20:49 AM - GET - /view/user/login
12/2/2024, 3:20:57 AM - POST - /view/user/login
12/2/2024, 3:20:57 AM - GET - /view/books/index
12/2/2024, 3:21:00 AM - GET - /view/user/profile
12/2/2024, 3:21:03 AM - GET - /view/books/index
12/2/2024, 3:21:05 AM - GET - /view/books/index/1
12/2/2024, 3:21:09 AM - GET - /view/user/profile
12/2/2024, 3:21:10 AM - GET - /view/books/index
12/2/2024, 3:21:12 AM - GET - /view/books/index/1
