28.10.2024, 04:05:22 - GET - /api/books
28.10.2024, 23:21:07 - PUT - /api/books
28.10.2024, 23:27:32 - POST - /api/books/b752f5ac-184f-48ba-8d56-56fff8456de6/download
29.10.2024, 01:11:07 - GET - /api/books
29.10.2024, 01:12:35 - GET - /api/books
29.10.2024, 01:16:20 - GET - /api/books
29.10.2024, 01:17:53 - GET - /api/books
29.10.2024, 01:20:38 - POST - /api/books
29.10.2024, 01:47:40 - POST - /api/books
29.10.2024, 01:48:11 - POST - /api/books
29.10.2024, 01:48:15 - GET - /api/books
29.10.2024, 01:48:48 - GET - /api/books/cb860add-3d9f-497d-8751-5aaff8b9a026
29.10.2024, 03:07:33 - GET - /index.js
29.10.2024, 03:07:40 - GET - /
29.10.2024, 03:19:02 - GET - /
29.10.2024, 03:19:05 - GET - /todo
29.10.2024, 03:21:48 - GET - /
29.10.2024, 03:21:55 - GET - /min
29.10.2024, 03:22:03 - GET - /todo
29.10.2024, 03:45:29 - GET - /todo
29.10.2024, 03:45:31 - GET - /
29.10.2024, 03:46:21 - GET - /
29.10.2024, 03:46:28 - GET - /
29.10.2024, 03:46:32 - GET - /todo
29.10.2024, 11:59:54 - GET - /todo/create
29.10.2024, 12:01:12 - GET - /
29.10.2024, 12:13:25 - GET - /index/view/607650b1-a600-4a79-b612-840df072ce44
29.10.2024, 12:19:14 - GET - /index
29.10.2024, 12:29:06 - GET - /view/404
29.10.2024, 12:29:13 - GET - /index/update/53882154-d505-4b34-9e63-75789fc4b8a6
29.10.2024, 12:29:21 - GET - /view/404
29.10.2024, 12:29:59 - GET - /view/404
29.10.2024, 12:30:23 - GET - /all
29.10.2024, 12:31:46 - GET - /view/404
29.10.2024, 13:02:21 - GET - /
29.10.2024, 13:56:34 - GET - /
29.10.2024, 13:56:40 - GET - /all
29.10.2024, 13:56:40 - GET - /all
29.10.2024, 14:06:06 - GET - /
29.10.2024, 14:06:06 - GET - /
29.10.2024, 14:06:06 - GET - /
29.10.2024, 14:08:22 - GET - /
29.10.2024, 14:08:53 - GET - /
29.10.2024, 16:42:41 - GET - /index/update/86688d91-0686-4549-b13c-6f22106c251e
29.10.2024, 16:43:55 - GET - /index/update/86688d91-0686-4549-b13c-6f22106c251e
29.10.2024, 16:44:21 - GET - /index/update/6d8dcc3d-a6fa-4311-8f1f-f180e13a381b
29.10.2024, 16:46:16 - GET - /index/update/86688d91-0686-4549-b13c-6f22106c251e
29.10.2024, 16:53:12 - GET - /
29.10.2024, 16:53:41 - GET - /index/update/a343b0be-8884-4626-9f59-9af675f82ebf
29.10.2024, 18:53:49 - POST - /update/25d6d87d-1e78-4a56-9597-7ae3851c26d0
29.10.2024, 18:54:14 - GET - /%D1%88%D1%82%D0%B2%D1%83%D1%87
29.10.2024, 18:54:44 - POST - /update/8bb18b9a-891b-43a5-a51b-87e9995f352c
29.10.2024, 19:02:55 - POST - /todo/delete/7c6f3d69-de6f-4d5d-bf6a-b45fd3606b29
29.10.2024, 19:23:01 - GET - /index
29.10.2024, 19:23:02 - GET - /index
29.10.2024, 19:23:03 - GET - /main
29.10.2024, 19:23:04 - GET - /index
29.10.2024, 19:23:30 - GET - /index/bdfcccdc-717b-42c7-935e-704c91e8f148
29.10.2024, 19:23:32 - GET - /update/bdfcccdc-717b-42c7-935e-704c91e8f148
29.10.2024, 19:23:35 - POST - /update/bdfcccdc-717b-42c7-935e-704c91e8f148
29.10.2024, 19:23:35 - GET - /index
29.10.2024, 19:24:04 - POST - /delete/bdfcccdc-717b-42c7-935e-704c91e8f148
29.10.2024, 19:24:04 - GET - /index
29.10.2024, 19:24:05 - POST - /delete/a54a2bbd-a141-41b7-b1e6-f9e3f1e61285
29.10.2024, 19:24:05 - GET - /index
29.10.2024, 19:24:07 - GET - /create
29.10.2024, 19:24:15 - POST - /create
29.10.2024, 19:24:15 - GET - /index
29.10.2024, 19:24:17 - GET - /index/50b76d37-fe4e-47ef-b746-6c6d0ea80884
29.10.2024, 19:24:23 - GET - /main
